This is pdfTeX, Version 3.14159265-2.6-1.40.19 (MiKTeX 2.9.6800 64-bit) (preloaded format=pdflatex 2018.9.19)  11 MAR 2021 15:24
entering extended mode
**./GxInsurance_presentation.tex
(GxInsurance_presentation.tex
LaTeX2e <2018-04-01> patch level 5
("C:\Program Files\MiKTeX 2.9\tex\latex\beamer\beamer.cls"
Document Class: beamer 2018/12/02 v3.55 A class for typesetting presentations
("C:\Program Files\MiKTeX 2.9\tex\latex\beamer\beamerbasemodes.sty"
("C:\Program Files\MiKTeX 2.9\tex\latex\etoolbox\etoolbox.sty"
Package: etoolbox 2018/08/19 v2.5f e-TeX tools for LaTeX (JAW)
\etb@tempcnta=\count80
)
\beamer@tempbox=\box26
\beamer@tempcount=\count81
\c@beamerpauses=\count82

("C:\Program Files\MiKTeX 2.9\tex\latex\beamer\beamerbasedecode.sty"
\beamer@slideinframe=\count83
\beamer@minimum=\count84
)
\beamer@commentbox=\box27
\beamer@modecount=\count85
)
("C:\Program Files\MiKTeX 2.9\tex\generic\oberdiek\ifpdf.sty"
Package: ifpdf 2017/03/15 v3.2 Provides the ifpdf switch
)
\headdp=\dimen102
\footheight=\dimen103
\sidebarheight=\dimen104
\beamer@tempdim=\dimen105
\beamer@finalheight=\dimen106
\beamer@animht=\dimen107
\beamer@animdp=\dimen108
\beamer@animwd=\dimen109
\beamer@leftmargin=\dimen110
\beamer@rightmargin=\dimen111
\beamer@leftsidebar=\dimen112
\beamer@rightsidebar=\dimen113
\beamer@boxsize=\dimen114
\beamer@vboxoffset=\dimen115
\beamer@descdefault=\dimen116
\beamer@descriptionwidth=\dimen117
\beamer@lastskip=\skip41
\beamer@areabox=\box28
\beamer@animcurrent=\box29
\beamer@animshowbox=\box30
\beamer@sectionbox=\box31
\beamer@logobox=\box32
\beamer@linebox=\box33
\beamer@sectioncount=\count86
\beamer@subsubsectionmax=\count87
\beamer@subsectionmax=\count88
\beamer@sectionmax=\count89
\beamer@totalheads=\count90
\beamer@headcounter=\count91
\beamer@partstartpage=\count92
\beamer@sectionstartpage=\count93
\beamer@subsectionstartpage=\count94
\beamer@animationtempa=\count95
\beamer@animationtempb=\count96
\beamer@xpos=\count97
\beamer@ypos=\count98
\beamer@ypos@offset=\count99
\beamer@showpartnumber=\count100
\beamer@currentsubsection=\count101
\beamer@coveringdepth=\count102
\beamer@sectionadjust=\count103
\beamer@tocsectionnumber=\count104

("C:\Program Files\MiKTeX 2.9\tex\latex\beamer\beamerbaseoptions.sty"
("C:\Program Files\MiKTeX 2.9\tex\latex\graphics\keyval.sty"
Package: keyval 2014/10/28 v1.15 key=value parser (DPC)
\KV@toks@=\toks14
))
\beamer@paperwidth=\skip42
\beamer@paperheight=\skip43

("C:\Program Files\MiKTeX 2.9\tex\latex\geometry\geometry.sty"
Package: geometry 2018/04/16 v5.8 Page Geometry

("C:\Program Files\MiKTeX 2.9\tex\generic\oberdiek\ifvtex.sty"
Package: ifvtex 2016/05/16 v1.6 Detect VTeX and its facilities (HO)
Package ifvtex Info: VTeX not detected.
)
("C:\Program Files\MiKTeX 2.9\tex\generic\ifxetex\ifxetex.sty"
Package: ifxetex 2010/09/12 v0.6 Provides ifxetex conditional
)
\Gm@cnth=\count105
\Gm@cntv=\count106
\c@Gm@tempcnt=\count107
\Gm@bindingoffset=\dimen118
\Gm@wd@mp=\dimen119
\Gm@odd@mp=\dimen120
\Gm@even@mp=\dimen121
\Gm@layoutwidth=\dimen122
\Gm@layoutheight=\dimen123
\Gm@layouthoffset=\dimen124
\Gm@layoutvoffset=\dimen125
\Gm@dimlist=\toks15

("C:\Program Files\MiKTeX 2.9\tex\latex\geometry\geometry.cfg"))
("C:\Program Files\MiKTeX 2.9\tex\latex\base\size10.clo"
File: size10.clo 2014/09/29 v1.4h Standard LaTeX file (size option)
)
("C:\Program Files\MiKTeX 2.9\tex\latex\pgf\basiclayer\pgfcore.sty"
("C:\Program Files\MiKTeX 2.9\tex\latex\graphics\graphicx.sty"
Package: graphicx 2017/06/01 v1.1a Enhanced LaTeX Graphics (DPC,SPQR)

("C:\Program Files\MiKTeX 2.9\tex\latex\graphics\graphics.sty"
Package: graphics 2017/06/25 v1.2c Standard LaTeX Graphics (DPC,SPQR)

("C:\Program Files\MiKTeX 2.9\tex\latex\graphics\trig.sty"
Package: trig 2016/01/03 v1.10 sin cos tan (DPC)
)
("C:\Program Files\MiKTeX 2.9\tex\latex\graphics-cfg\graphics.cfg"
File: graphics.cfg 2016/06/04 v1.11 sample graphics configuration
)
Package graphics Info: Driver file: pdftex.def on input line 99.

("C:\Program Files\MiKTeX 2.9\tex\latex\graphics-def\pdftex.def"
File: pdftex.def 2018/01/08 v1.0l Graphics/color driver for pdftex
))
\Gin@req@height=\dimen126
\Gin@req@width=\dimen127
)
("C:\Program Files\MiKTeX 2.9\tex\latex\pgf\systemlayer\pgfsys.sty"
("C:\Program Files\MiKTeX 2.9\tex\latex\pgf\utilities\pgfrcs.sty"
("C:\Program Files\MiKTeX 2.9\tex\generic\pgf\utilities\pgfutil-common.tex"
\pgfutil@everybye=\toks16
\pgfutil@tempdima=\dimen128
\pgfutil@tempdimb=\dimen129

("C:\Program Files\MiKTeX 2.9\tex\generic\pgf\utilities\pgfutil-common-lists.te
x")) ("C:\Program Files\MiKTeX 2.9\tex\generic\pgf\utilities\pgfutil-latex.def"
\pgfutil@abb=\box34
("C:\Program Files\MiKTeX 2.9\tex\latex\ms\everyshi.sty"
Package: everyshi 2001/05/15 v3.00 EveryShipout Package (MS)
))
("C:\Program Files\MiKTeX 2.9\tex\generic\pgf\utilities\pgfrcs.code.tex"
("C:\Program Files\MiKTeX 2.9\tex\generic\pgf\pgf.revision.tex")
Package: pgfrcs 2019/01/05 v3.1 (3.1)
))
("C:\Program Files\MiKTeX 2.9\tex\generic\pgf\systemlayer\pgfsys.code.tex"
Package: pgfsys 2019/01/05 v3.1 (3.1)

("C:\Program Files\MiKTeX 2.9\tex\generic\pgf\utilities\pgfkeys.code.tex"
\pgfkeys@pathtoks=\toks17
\pgfkeys@temptoks=\toks18

("C:\Program Files\MiKTeX 2.9\tex\generic\pgf\utilities\pgfkeysfiltered.code.te
x"
\pgfkeys@tmptoks=\toks19
))
\pgf@x=\dimen130
\pgf@y=\dimen131
\pgf@xa=\dimen132
\pgf@ya=\dimen133
\pgf@xb=\dimen134
\pgf@yb=\dimen135
\pgf@xc=\dimen136
\pgf@yc=\dimen137
\w@pgf@writea=\write3
\r@pgf@reada=\read1
\c@pgf@counta=\count108
\c@pgf@countb=\count109
\c@pgf@countc=\count110
\c@pgf@countd=\count111
\t@pgf@toka=\toks20
\t@pgf@tokb=\toks21
\t@pgf@tokc=\toks22
\pgf@sys@id@count=\count112
 ("C:\Program Files\MiKTeX 2.9\tex\generic\pgf\systemlayer\pgf.cfg"
File: pgf.cfg 2019/01/05 v3.1 (3.1)
)
Driver file for pgf: pgfsys-pdftex.def

("C:\Program Files\MiKTeX 2.9\tex\generic\pgf\systemlayer\pgfsys-pdftex.def"
File: pgfsys-pdftex.def 2019/01/05 v3.1 (3.1)

("C:\Program Files\MiKTeX 2.9\tex\generic\pgf\systemlayer\pgfsys-common-pdf.def
"
File: pgfsys-common-pdf.def 2019/01/05 v3.1 (3.1)
)))
("C:\Program Files\MiKTeX 2.9\tex\generic\pgf\systemlayer\pgfsyssoftpath.code.t
ex"
File: pgfsyssoftpath.code.tex 2019/01/05 v3.1 (3.1)
\pgfsyssoftpath@smallbuffer@items=\count113
\pgfsyssoftpath@bigbuffer@items=\count114
)
("C:\Program Files\MiKTeX 2.9\tex\generic\pgf\systemlayer\pgfsysprotocol.code.t
ex"
File: pgfsysprotocol.code.tex 2019/01/05 v3.1 (3.1)
)) ("C:\Program Files\MiKTeX 2.9\tex\latex\xcolor\xcolor.sty"
Package: xcolor 2016/05/11 v2.12 LaTeX color extensions (UK)

("C:\Program Files\MiKTeX 2.9\tex\latex\graphics-cfg\color.cfg"
File: color.cfg 2016/01/02 v1.6 sample color configuration
)
Package xcolor Info: Driver file: pdftex.def on input line 225.
Package xcolor Info: Model `cmy' substituted by `cmy0' on input line 1348.
Package xcolor Info: Model `hsb' substituted by `rgb' on input line 1352.
Package xcolor Info: Model `RGB' extended on input line 1364.
Package xcolor Info: Model `HTML' substituted by `rgb' on input line 1366.
Package xcolor Info: Model `Hsb' substituted by `hsb' on input line 1367.
Package xcolor Info: Model `tHsb' substituted by `hsb' on input line 1368.
Package xcolor Info: Model `HSB' substituted by `hsb' on input line 1369.
Package xcolor Info: Model `Gray' substituted by `gray' on input line 1370.
Package xcolor Info: Model `wave' substituted by `hsb' on input line 1371.

("C:\Program Files\MiKTeX 2.9\tex\latex\graphics\dvipsnam.def"
File: dvipsnam.def 2016/06/17 v3.0m Driver-dependent file (DPC,SPQR)
))
("C:\Program Files\MiKTeX 2.9\tex\generic\pgf\basiclayer\pgfcore.code.tex"
Package: pgfcore 2019/01/05 v3.1 (3.1)

("C:\Program Files\MiKTeX 2.9\tex\generic\pgf\math\pgfmath.code.tex"
("C:\Program Files\MiKTeX 2.9\tex\generic\pgf\math\pgfmathcalc.code.tex"
("C:\Program Files\MiKTeX 2.9\tex\generic\pgf\math\pgfmathutil.code.tex")
("C:\Program Files\MiKTeX 2.9\tex\generic\pgf\math\pgfmathparser.code.tex"
\pgfmath@dimen=\dimen138
\pgfmath@count=\count115
\pgfmath@box=\box35
\pgfmath@toks=\toks23
\pgfmath@stack@operand=\toks24
\pgfmath@stack@operation=\toks25
)
("C:\Program Files\MiKTeX 2.9\tex\generic\pgf\math\pgfmathfunctions.code.tex"
("C:\Program Files\MiKTeX 2.9\tex\generic\pgf\math\pgfmathfunctions.basic.code.
tex")
("C:\Program Files\MiKTeX 2.9\tex\generic\pgf\math\pgfmathfunctions.trigonometr
ic.code.tex")
("C:\Program Files\MiKTeX 2.9\tex\generic\pgf\math\pgfmathfunctions.random.code
.tex")
("C:\Program Files\MiKTeX 2.9\tex\generic\pgf\math\pgfmathfunctions.comparison.
code.tex")
("C:\Program Files\MiKTeX 2.9\tex\generic\pgf\math\pgfmathfunctions.base.code.t
ex")
("C:\Program Files\MiKTeX 2.9\tex\generic\pgf\math\pgfmathfunctions.round.code.
tex")
("C:\Program Files\MiKTeX 2.9\tex\generic\pgf\math\pgfmathfunctions.misc.code.t
ex")
("C:\Program Files\MiKTeX 2.9\tex\generic\pgf\math\pgfmathfunctions.integerarit
hmetics.code.tex")))
("C:\Program Files\MiKTeX 2.9\tex\generic\pgf\math\pgfmathfloat.code.tex"
\c@pgfmathroundto@lastzeros=\count116
))
("C:\Program Files\MiKTeX 2.9\tex\generic\pgf\basiclayer\pgfcorepoints.code.tex
"
File: pgfcorepoints.code.tex 2019/01/05 v3.1 (3.1)
\pgf@picminx=\dimen139
\pgf@picmaxx=\dimen140
\pgf@picminy=\dimen141
\pgf@picmaxy=\dimen142
\pgf@pathminx=\dimen143
\pgf@pathmaxx=\dimen144
\pgf@pathminy=\dimen145
\pgf@pathmaxy=\dimen146
\pgf@xx=\dimen147
\pgf@xy=\dimen148
\pgf@yx=\dimen149
\pgf@yy=\dimen150
\pgf@zx=\dimen151
\pgf@zy=\dimen152
)
("C:\Program Files\MiKTeX 2.9\tex\generic\pgf\basiclayer\pgfcorepathconstruct.c
ode.tex"
File: pgfcorepathconstruct.code.tex 2019/01/05 v3.1 (3.1)
\pgf@path@lastx=\dimen153
\pgf@path@lasty=\dimen154
)
("C:\Program Files\MiKTeX 2.9\tex\generic\pgf\basiclayer\pgfcorepathusage.code.
tex"
File: pgfcorepathusage.code.tex 2019/01/05 v3.1 (3.1)
\pgf@shorten@end@additional=\dimen155
\pgf@shorten@start@additional=\dimen156
)
("C:\Program Files\MiKTeX 2.9\tex\generic\pgf\basiclayer\pgfcorescopes.code.tex
"
File: pgfcorescopes.code.tex 2019/01/05 v3.1 (3.1)
\pgfpic=\box36
\pgf@hbox=\box37
\pgf@layerbox@main=\box38
\pgf@picture@serial@count=\count117
)
("C:\Program Files\MiKTeX 2.9\tex\generic\pgf\basiclayer\pgfcoregraphicstate.co
de.tex"
File: pgfcoregraphicstate.code.tex 2019/01/05 v3.1 (3.1)
\pgflinewidth=\dimen157
)
("C:\Program Files\MiKTeX 2.9\tex\generic\pgf\basiclayer\pgfcoretransformations
.code.tex"
File: pgfcoretransformations.code.tex 2019/01/05 v3.1 (3.1)
\pgf@pt@x=\dimen158
\pgf@pt@y=\dimen159
\pgf@pt@temp=\dimen160
)
("C:\Program Files\MiKTeX 2.9\tex\generic\pgf\basiclayer\pgfcorequick.code.tex"
File: pgfcorequick.code.tex 2019/01/05 v3.1 (3.1)
)
("C:\Program Files\MiKTeX 2.9\tex\generic\pgf\basiclayer\pgfcoreobjects.code.te
x"
File: pgfcoreobjects.code.tex 2019/01/05 v3.1 (3.1)
)
("C:\Program Files\MiKTeX 2.9\tex\generic\pgf\basiclayer\pgfcorepathprocessing.
code.tex"
File: pgfcorepathprocessing.code.tex 2019/01/05 v3.1 (3.1)
)
("C:\Program Files\MiKTeX 2.9\tex\generic\pgf\basiclayer\pgfcorearrows.code.tex
"
File: pgfcorearrows.code.tex 2019/01/05 v3.1 (3.1)
\pgfarrowsep=\dimen161
)
("C:\Program Files\MiKTeX 2.9\tex\generic\pgf\basiclayer\pgfcoreshade.code.tex"
File: pgfcoreshade.code.tex 2019/01/05 v3.1 (3.1)
\pgf@max=\dimen162
\pgf@sys@shading@range@num=\count118
) ("C:\Program Files\MiKTeX 2.9\tex\generic\pgf\basiclayer\pgfcoreimage.code.te
x"
File: pgfcoreimage.code.tex 2019/01/05 v3.1 (3.1)

("C:\Program Files\MiKTeX 2.9\tex\generic\pgf\basiclayer\pgfcoreexternal.code.t
ex"
File: pgfcoreexternal.code.tex 2019/01/05 v3.1 (3.1)
\pgfexternal@startupbox=\box39
))
("C:\Program Files\MiKTeX 2.9\tex\generic\pgf\basiclayer\pgfcorelayers.code.tex
"
File: pgfcorelayers.code.tex 2019/01/05 v3.1 (3.1)
)
("C:\Program Files\MiKTeX 2.9\tex\generic\pgf\basiclayer\pgfcoretransparency.co
de.tex"
File: pgfcoretransparency.code.tex 2019/01/05 v3.1 (3.1)
)
("C:\Program Files\MiKTeX 2.9\tex\generic\pgf\basiclayer\pgfcorepatterns.code.t
ex"
File: pgfcorepatterns.code.tex 2019/01/05 v3.1 (3.1)
)
("C:\Program Files\MiKTeX 2.9\tex\generic\pgf\basiclayer\pgfcorerdf.code.tex"
File: pgfcorerdf.code.tex 2019/01/05 v3.1 (3.1)
))) ("C:\Program Files\MiKTeX 2.9\tex\latex\pgf\utilities\xxcolor.sty"
Package: xxcolor 2003/10/24 ver 0.1
\XC@nummixins=\count119
\XC@countmixins=\count120
)
("C:\Program Files\MiKTeX 2.9\tex\generic\oberdiek\atbegshi.sty"
Package: atbegshi 2016/06/09 v1.18 At begin shipout hook (HO)

("C:\Program Files\MiKTeX 2.9\tex\generic\oberdiek\infwarerr.sty"
Package: infwarerr 2016/05/16 v1.4 Providing info/warning/error messages (HO)
)
("C:\Program Files\MiKTeX 2.9\tex\generic\oberdiek\ltxcmds.sty"
Package: ltxcmds 2016/05/16 v1.23 LaTeX kernel commands for general use (HO)
))
("C:\Program Files\MiKTeX 2.9\tex\latex\hyperref\hyperref.sty"
Package: hyperref 2018/02/06 v6.86b Hypertext links for LaTeX

("C:\Program Files\MiKTeX 2.9\tex\generic\oberdiek\hobsub-hyperref.sty"
Package: hobsub-hyperref 2016/05/16 v1.14 Bundle oberdiek, subset hyperref (HO)


("C:\Program Files\MiKTeX 2.9\tex\generic\oberdiek\hobsub-generic.sty"
Package: hobsub-generic 2016/05/16 v1.14 Bundle oberdiek, subset generic (HO)
Package: hobsub 2016/05/16 v1.14 Construct package bundles (HO)
Package hobsub Info: Skipping package `infwarerr' (already loaded).
Package hobsub Info: Skipping package `ltxcmds' (already loaded).
Package: ifluatex 2016/05/16 v1.4 Provides the ifluatex switch (HO)
Package ifluatex Info: LuaTeX not detected.
Package hobsub Info: Skipping package `ifvtex' (already loaded).
Package: intcalc 2016/05/16 v1.2 Expandable calculations with integers (HO)
Package hobsub Info: Skipping package `ifpdf' (already loaded).
Package: etexcmds 2016/05/16 v1.6 Avoid name clashes with e-TeX commands (HO)
Package etexcmds Info: Could not find \expanded.
(etexcmds)             That can mean that you are not using pdfTeX 1.50 or
(etexcmds)             that some package has redefined \expanded.
(etexcmds)             In the latter case, load this package earlier.
Package: kvsetkeys 2016/05/16 v1.17 Key value parser (HO)
Package: kvdefinekeys 2016/05/16 v1.4 Define keys (HO)
Package: pdftexcmds 2018/01/30 v0.27 Utility functions of pdfTeX for LuaTeX (HO
)
Package pdftexcmds Info: LuaTeX not detected.
Package pdftexcmds Info: \pdf@primitive is available.
Package pdftexcmds Info: \pdf@ifprimitive is available.
Package pdftexcmds Info: \pdfdraftmode found.
Package: pdfescape 2016/05/16 v1.14 Implements pdfTeX's escape features (HO)
Package: bigintcalc 2016/05/16 v1.4 Expandable calculations on big integers (HO
)
Package: bitset 2016/05/16 v1.2 Handle bit-vector datatype (HO)
Package: uniquecounter 2016/05/16 v1.3 Provide unlimited unique counter (HO)
)
Package hobsub Info: Skipping package `hobsub' (already loaded).
Package: letltxmacro 2016/05/16 v1.5 Let assignment for LaTeX macros (HO)
Package: hopatch 2016/05/16 v1.3 Wrapper for package hooks (HO)
Package: xcolor-patch 2016/05/16 xcolor patch
Package: atveryend 2016/05/16 v1.9 Hooks at the very end of document (HO)
Package hobsub Info: Skipping package `atbegshi' (already loaded).
Package: refcount 2016/05/16 v3.5 Data extraction from label references (HO)
Package: hycolor 2016/05/16 v1.8 Color options for hyperref/bookmark (HO)
)
("C:\Program Files\MiKTeX 2.9\tex\latex\oberdiek\auxhook.sty"
Package: auxhook 2016/05/16 v1.4 Hooks for auxiliary files (HO)
)
("C:\Program Files\MiKTeX 2.9\tex\latex\oberdiek\kvoptions.sty"
Package: kvoptions 2016/05/16 v3.12 Key value format for package options (HO)
)
\@linkdim=\dimen163
\Hy@linkcounter=\count121
\Hy@pagecounter=\count122

("C:\Program Files\MiKTeX 2.9\tex\latex\hyperref\pd1enc.def"
File: pd1enc.def 2018/02/06 v6.86b Hyperref: PDFDocEncoding definition (HO)
Now handling font encoding PD1 ...
... no UTF-8 mapping file for font encoding PD1
)
\Hy@SavedSpaceFactor=\count123

("C:\Program Files\MiKTeX 2.9\tex\latex\00miktex\hyperref.cfg"
File: hyperref.cfg 2002/06/06 v1.2 hyperref configuration of TeXLive
)
Package hyperref Info: Option `bookmarks' set `true' on input line 4383.
Package hyperref Info: Option `bookmarksopen' set `true' on input line 4383.
Package hyperref Info: Option `implicit' set `false' on input line 4383.
Package hyperref Info: Hyper figures OFF on input line 4509.
Package hyperref Info: Link nesting OFF on input line 4514.
Package hyperref Info: Hyper index ON on input line 4517.
Package hyperref Info: Plain pages OFF on input line 4524.
Package hyperref Info: Backreferencing OFF on input line 4529.
Package hyperref Info: Implicit mode OFF; no redefinition of LaTeX internals.
Package hyperref Info: Bookmarks ON on input line 4762.
\c@Hy@tempcnt=\count124

("C:\Program Files\MiKTeX 2.9\tex\latex\url\url.sty"
\Urlmuskip=\muskip10
Package: url 2013/09/16  ver 3.4  Verb mode for urls, etc.
)
LaTeX Info: Redefining \url on input line 5115.
\XeTeXLinkMargin=\dimen164
\Fld@menulength=\count125
\Field@Width=\dimen165
\Fld@charsize=\dimen166
Package hyperref Info: Hyper figures OFF on input line 6369.
Package hyperref Info: Link nesting OFF on input line 6374.
Package hyperref Info: Hyper index ON on input line 6377.
Package hyperref Info: backreferencing OFF on input line 6384.
Package hyperref Info: Link coloring OFF on input line 6389.
Package hyperref Info: Link coloring with OCG OFF on input line 6394.
Package hyperref Info: PDF/A mode OFF on input line 6399.
LaTeX Info: Redefining \ref on input line 6439.
LaTeX Info: Redefining \pageref on input line 6443.
\Hy@abspage=\count126


Package hyperref Message: Stopped early.

)
Package hyperref Info: Driver (autodetected): hpdftex.
 ("C:\Program Files\MiKTeX 2.9\tex\latex\hyperref\hpdftex.def"
File: hpdftex.def 2018/02/06 v6.86b Hyperref driver for pdfTeX
\Fld@listcount=\count127
\c@bookmark@seq@number=\count128

("C:\Program Files\MiKTeX 2.9\tex\latex\oberdiek\rerunfilecheck.sty"
Package: rerunfilecheck 2016/05/16 v1.8 Rerun checks for auxiliary files (HO)
Package uniquecounter Info: New unique counter `rerunfilecheck' on input line 2
82.
))
("C:\Program Files\MiKTeX 2.9\tex\latex\beamer\beamerbaserequires.sty"
("C:\Program Files\MiKTeX 2.9\tex\latex\beamer\beamerbasecompatibility.sty")
("C:\Program Files\MiKTeX 2.9\tex\latex\beamer\beamerbasefont.sty"
("C:\Program Files\MiKTeX 2.9\tex\latex\amsfonts\amssymb.sty"
Package: amssymb 2013/01/14 v3.01 AMS font symbols

("C:\Program Files\MiKTeX 2.9\tex\latex\amsfonts\amsfonts.sty"
Package: amsfonts 2013/01/14 v3.01 Basic AMSFonts support
\@emptytoks=\toks26
\symAMSa=\mathgroup4
\symAMSb=\mathgroup5
LaTeX Font Info:    Overwriting math alphabet `\mathfrak' in version `bold'
(Font)                  U/euf/m/n --> U/euf/b/n on input line 106.
))
("C:\Program Files\MiKTeX 2.9\tex\latex\sansmathaccent\sansmathaccent.sty"
Package: sansmathaccent 2013/03/28

("C:\Program Files\MiKTeX 2.9\tex\latex\filehook\filehook.sty"
Package: filehook 2011/10/12 v0.5d Hooks for input files
)))
("C:\Program Files\MiKTeX 2.9\tex\latex\beamer\beamerbasetranslator.sty"
("C:\Program Files\MiKTeX 2.9\tex\latex\translator\translator.sty"
Package: translator 2018/01/04 v1.12 Easy translation of strings in LaTeX
))
("C:\Program Files\MiKTeX 2.9\tex\latex\beamer\beamerbasemisc.sty")
("C:\Program Files\MiKTeX 2.9\tex\latex\beamer\beamerbasetwoscreens.sty")
("C:\Program Files\MiKTeX 2.9\tex\latex\beamer\beamerbaseoverlay.sty"
\beamer@argscount=\count129
\beamer@lastskipcover=\skip44
\beamer@trivlistdepth=\count130
)
("C:\Program Files\MiKTeX 2.9\tex\latex\beamer\beamerbasetitle.sty")
("C:\Program Files\MiKTeX 2.9\tex\latex\beamer\beamerbasesection.sty"
\c@lecture=\count131
\c@part=\count132
\c@section=\count133
\c@subsection=\count134
\c@subsubsection=\count135
)
("C:\Program Files\MiKTeX 2.9\tex\latex\beamer\beamerbaseframe.sty"
\beamer@framebox=\box40
\beamer@frametitlebox=\box41
\beamer@zoombox=\box42
\beamer@zoomcount=\count136
\beamer@zoomframecount=\count137
\beamer@frametextheight=\dimen167
\c@subsectionslide=\count138
\beamer@frametopskip=\skip45
\beamer@framebottomskip=\skip46
\beamer@frametopskipautobreak=\skip47
\beamer@framebottomskipautobreak=\skip48
\beamer@envbody=\toks27
\framewidth=\dimen168
\c@framenumber=\count139
)
("C:\Program Files\MiKTeX 2.9\tex\latex\beamer\beamerbaseverbatim.sty"
\beamer@verbatimfileout=\write4
)
("C:\Program Files\MiKTeX 2.9\tex\latex\beamer\beamerbaseframesize.sty"
\beamer@splitbox=\box43
\beamer@autobreakcount=\count140
\beamer@autobreaklastheight=\dimen169
\beamer@frametitletoks=\toks28
\beamer@framesubtitletoks=\toks29
)
("C:\Program Files\MiKTeX 2.9\tex\latex\beamer\beamerbaseframecomponents.sty"
\beamer@footins=\box44
)
("C:\Program Files\MiKTeX 2.9\tex\latex\beamer\beamerbasecolor.sty")
("C:\Program Files\MiKTeX 2.9\tex\latex\beamer\beamerbasenotes.sty"
\beamer@frameboxcopy=\box45
)
("C:\Program Files\MiKTeX 2.9\tex\latex\beamer\beamerbasetoc.sty")
("C:\Program Files\MiKTeX 2.9\tex\latex\beamer\beamerbasetemplates.sty"
\beamer@sbttoks=\toks30

("C:\Program Files\MiKTeX 2.9\tex\latex\beamer\beamerbaseauxtemplates.sty"
("C:\Program Files\MiKTeX 2.9\tex\latex\beamer\beamerbaseboxes.sty"
\bmb@box=\box46
\bmb@colorbox=\box47
\bmb@boxshadow=\box48
\bmb@boxshadowball=\box49
\bmb@boxshadowballlarge=\box50
\bmb@temp=\dimen170
\bmb@dima=\dimen171
\bmb@dimb=\dimen172
\bmb@prevheight=\dimen173
)
\beamer@blockheadheight=\dimen174
))
("C:\Program Files\MiKTeX 2.9\tex\latex\beamer\beamerbaselocalstructure.sty"
("C:\Program Files\MiKTeX 2.9\tex\latex\tools\enumerate.sty"
Package: enumerate 2015/07/23 v3.00 enumerate extensions (DPC)
\@enLab=\toks31
)
\c@figure=\count141
\c@table=\count142
\abovecaptionskip=\skip49
\belowcaptionskip=\skip50
)
("C:\Program Files\MiKTeX 2.9\tex\latex\beamer\beamerbasenavigation.sty"
\beamer@section@min@dim=\dimen175
)
("C:\Program Files\MiKTeX 2.9\tex\latex\beamer\beamerbasetheorems.sty"
("C:\Program Files\MiKTeX 2.9\tex\latex\amsmath\amsmath.sty"
Package: amsmath 2017/09/02 v2.17a AMS math features
\@mathmargin=\skip51

For additional information on amsmath, use the `?' option.
("C:\Program Files\MiKTeX 2.9\tex\latex\amsmath\amstext.sty"
Package: amstext 2000/06/29 v2.01 AMS text

("C:\Program Files\MiKTeX 2.9\tex\latex\amsmath\amsgen.sty"
File: amsgen.sty 1999/11/30 v2.0 generic functions
\@emptytoks=\toks32
\ex@=\dimen176
))
("C:\Program Files\MiKTeX 2.9\tex\latex\amsmath\amsbsy.sty"
Package: amsbsy 1999/11/29 v1.2d Bold Symbols
\pmbraise@=\dimen177
)
("C:\Program Files\MiKTeX 2.9\tex\latex\amsmath\amsopn.sty"
Package: amsopn 2016/03/08 v2.02 operator names
)
\inf@bad=\count143
LaTeX Info: Redefining \frac on input line 213.
\uproot@=\count144
\leftroot@=\count145
LaTeX Info: Redefining \overline on input line 375.
\classnum@=\count146
\DOTSCASE@=\count147
LaTeX Info: Redefining \ldots on input line 472.
LaTeX Info: Redefining \dots on input line 475.
LaTeX Info: Redefining \cdots on input line 596.
\Mathstrutbox@=\box51
\strutbox@=\box52
\big@size=\dimen178
LaTeX Font Info:    Redeclaring font encoding OML on input line 712.
LaTeX Font Info:    Redeclaring font encoding OMS on input line 713.
\macc@depth=\count148
\c@MaxMatrixCols=\count149
\dotsspace@=\muskip11
\c@parentequation=\count150
\dspbrk@lvl=\count151
\tag@help=\toks33
\row@=\count152
\column@=\count153
\maxfields@=\count154
\andhelp@=\toks34
\eqnshift@=\dimen179
\alignsep@=\dimen180
\tagshift@=\dimen181
\tagwidth@=\dimen182
\totwidth@=\dimen183
\lineht@=\dimen184
\@envbody=\toks35
\multlinegap=\skip52
\multlinetaggap=\skip53
\mathdisplay@stack=\toks36
LaTeX Info: Redefining \[ on input line 2817.
LaTeX Info: Redefining \] on input line 2818.
)
("C:\Program Files\MiKTeX 2.9\tex\latex\amscls\amsthm.sty"
Package: amsthm 2017/10/31 v2.20.4
\thm@style=\toks37
\thm@bodyfont=\toks38
\thm@headfont=\toks39
\thm@notefont=\toks40
\thm@headpunct=\toks41
\thm@preskip=\skip54
\thm@postskip=\skip55
\thm@headsep=\skip56
\dth@everypar=\toks42
)
\c@theorem=\count155
)
("C:\Program Files\MiKTeX 2.9\tex\latex\beamer\beamerbasethemes.sty"))
("C:\Program Files\MiKTeX 2.9\tex\latex\beamer\beamerthemedefault.sty"
("C:\Program Files\MiKTeX 2.9\tex\latex\beamer\beamerfontthemedefault.sty")
("C:\Program Files\MiKTeX 2.9\tex\latex\beamer\beamercolorthemedefault.sty")
("C:\Program Files\MiKTeX 2.9\tex\latex\beamer\beamerinnerthemedefault.sty"
\beamer@dima=\dimen185
\beamer@dimb=\dimen186
)
("C:\Program Files\MiKTeX 2.9\tex\latex\beamer\beamerouterthemedefault.sty")))
("C:\Program Files\MiKTeX 2.9\tex\latex\beamer\beamercolorthemestructure.sty")
("C:\Program Files\MiKTeX 2.9\tex\latex\beamer\beamerinnerthemerounded.sty")
("C:\Program Files\MiKTeX 2.9\tex\latex\beamer\beamerouterthemesplit.sty")
("C:\Program Files\MiKTeX 2.9\tex\generic\babel\babel.sty"
Package: babel 2018/06/05 3.22 The Babel package

("C:\Program Files\MiKTeX 2.9\tex\generic\babel\switch.def"
File: switch.def 2018/06/05 3.22 Babel switching mechanism
)
*************************************
* Local config file bblopts.cfg used
*
("C:\Program Files\MiKTeX 2.9\tex\latex\arabi\bblopts.cfg"
File: bblopts.cfg 2005/09/08 v0.1 add Arabic and Farsi to "declared" options of
 babel
)
("C:\Program Files\MiKTeX 2.9\tex\latex\babel-english\english.ldf"
Language: english 2017/06/06 v3.3r English support from the babel system

("C:\Program Files\MiKTeX 2.9\tex\generic\babel\babel.def"
File: babel.def 2018/06/05 3.22 Babel common definitions
\babel@savecnt=\count156
\U@D=\dimen187

("C:\Program Files\MiKTeX 2.9\tex\generic\babel\txtbabel.def")
LaTeX Info: Redefining \textlatin on input line 1915.
\bbl@dirlevel=\count157
)
\l@canadian = a dialect from \language\l@american 
\l@australian = a dialect from \language\l@british 
\l@newzealand = a dialect from \language\l@british 
))
("C:\Program Files\MiKTeX 2.9\tex\latex\mathtools\mathtools.sty"
Package: mathtools 2020/03/24 v1.24 mathematical typesetting tools

("C:\Program Files\MiKTeX 2.9\tex\latex\tools\calc.sty"
Package: calc 2017/05/25 v4.3 Infix arithmetic (KKT,FJ)
\calc@Acount=\count158
\calc@Bcount=\count159
\calc@Adimen=\dimen188
\calc@Bdimen=\dimen189
\calc@Askip=\skip57
\calc@Bskip=\skip58
LaTeX Info: Redefining \setlength on input line 80.
LaTeX Info: Redefining \addtolength on input line 81.
\calc@Ccount=\count160
\calc@Cskip=\skip59
)
("C:\Program Files\MiKTeX 2.9\tex\latex\mathtools\mhsetup.sty"
Package: mhsetup 2017/03/31 v1.3 programming setup (MH)
)
LaTeX Info: Thecontrolsequence`\('isalreadyrobust on input line 130.
LaTeX Info: Thecontrolsequence`\)'isalreadyrobust on input line 130.
LaTeX Info: Thecontrolsequence`\['isalreadyrobust on input line 130.
LaTeX Info: Thecontrolsequence`\]'isalreadyrobust on input line 130.
\g_MT_multlinerow_int=\count161
\l_MT_multwidth_dim=\dimen190
\origjot=\skip60
\l_MT_shortvdotswithinadjustabove_dim=\dimen191
\l_MT_shortvdotswithinadjustbelow_dim=\dimen192
\l_MT_above_intertext_sep=\dimen193
\l_MT_below_intertext_sep=\dimen194
\l_MT_above_shortintertext_sep=\dimen195
\l_MT_below_shortintertext_sep=\dimen196
\xmathstrut@box=\box53
\xmathstrut@dim=\dimen197
)
("C:\Program Files\MiKTeX 2.9\tex\latex\comment\comment.sty"
\CommentStream=\write5

Excluding comment 'comment')
("C:\Program Files\MiKTeX 2.9\tex\latex\footmisc\footmisc.sty"
Package: footmisc 2011/06/06 v5.5b a miscellany of footnote facilities
\FN@temptoken=\toks43
\footnotemargin=\dimen198
\c@pp@next@reset=\count162
Package footmisc Info: Declaring symbol style bringhurst on input line 855.
Package footmisc Info: Declaring symbol style chicago on input line 863.
Package footmisc Info: Declaring symbol style wiley on input line 872.
Package footmisc Info: Declaring symbol style lamport-robust on input line 883.

Package footmisc Info: Declaring symbol style lamport* on input line 903.
Package footmisc Info: Declaring symbol style lamport*-robust on input line 924
.
)
("C:\Program Files\MiKTeX 2.9\tex\latex\oberdiek\pdflscape.sty"
Package: pdflscape 2016/05/14 v0.11 Display of landscape pages in PDF (HO)

("C:\Program Files\MiKTeX 2.9\tex\latex\graphics\lscape.sty"
Package: lscape 2000/10/22 v3.01 Landscape Pages (DPC)
)
Package pdflscape Info: Auto-detected driver: pdftex on input line 81.
)
("C:\Program Files\MiKTeX 2.9\tex\latex\tools\array.sty"
Package: array 2018/04/30 v2.4h Tabular extension package (FMi)
\col@sep=\dimen199
\ar@mcellbox=\box54
\extrarowheight=\dimen256
\NC@list=\toks44
\extratabsurround=\skip61
\backup@length=\skip62
\ar@cellbox=\box55
)
("C:\Program Files\MiKTeX 2.9\tex\latex\booktabs\booktabs.sty"
Package: booktabs 2005/04/14 v1.61803 publication quality tables
\heavyrulewidth=\dimen257
\lightrulewidth=\dimen258
\cmidrulewidth=\dimen259
\belowrulesep=\dimen260
\belowbottomsep=\dimen261
\aboverulesep=\dimen262
\abovetopsep=\dimen263
\cmidrulesep=\dimen264
\cmidrulekern=\dimen265
\defaultaddspace=\dimen266
\@cmidla=\count163
\@cmidlb=\count164
\@aboverulesep=\dimen267
\@belowrulesep=\dimen268
\@thisruleclass=\count165
\@lastruleclass=\count166
\@thisrulewidth=\dimen269
)
("C:\Program Files\MiKTeX 2.9\tex\latex\threeparttable\threeparttable.sty"
Package: threeparttable 2003/06/13  v 3.0
\@tempboxb=\box56
)
("C:\Program Files\MiKTeX 2.9\tex\latex\preprint\balance.sty"
Package: balance 1999/02/23 4.3 (PWD)
\oldvsize=\dimen270
)
("C:\Program Files\MiKTeX 2.9\tex\latex\lettrine\lettrine.sty"
File: lettrine.sty 2020-03-14 v2.23 (Daniel Flipo)

("C:\Program Files\MiKTeX 2.9\tex\generic\minifp\minifp.sty"
Package: minifp 2013/12/30 v0.96. Macros for real number operations and a stack
-based programing language.
\MFP@loopctr=\count167
)
\c@DefaultLines=\count168
\c@DefaultDepth=\count169
\DefaultFindent=\dimen271
\DefaultNindent=\dimen272
\DefaultSlope=\dimen273
\DiscardVskip=\dimen274
\L@lbox=\box57
\L@tbox=\box58
\c@L@lines=\count170
\c@L@depth=\count171
\L@Pindent=\dimen275
\L@Findent=\dimen276
\L@Nindent=\dimen277
\L@lraise=\dimen278
\L@first=\dimen279
\L@next=\dimen280
\L@slope=\dimen281
\L@height=\dimen282
\L@novskip=\dimen283
\L@target@ht=\dimen284
\L@target@dp=\dimen285
\L@target@tht=\dimen286
\LettrineWidth=\dimen287
\LettrineHeight=\dimen288
\LettrineDepth=\dimen289
\Llist@everypar=\toks45

Loading lettrine.cfg
("C:\Program Files\MiKTeX 2.9\tex\latex\lettrine\lettrine.cfg"))
("C:\Program Files\MiKTeX 2.9\tex\latex\type1cm\type1cm.sty"
Package: type1cm 2002/09/05 v0.04 BlueSky/Y&Y Type1 CM font definitions (DPC, p
atched RF)
)
("C:\Program Files\MiKTeX 2.9\tex\latex\bbm\bbm.sty"
Package: bbm 1999/03/15 V 1.2 provides fonts for set symbols - TH
LaTeX Font Info:    Overwriting math alphabet `\mathbbm' in version `bold'
(Font)                  U/bbm/m/n --> U/bbm/bx/n on input line 33.
LaTeX Font Info:    Overwriting math alphabet `\mathbbmss' in version `bold'
(Font)                  U/bbmss/m/n --> U/bbmss/bx/n on input line 35.
)
("C:\Program Files\MiKTeX 2.9\tex\latex\multirow\multirow.sty"
Package: multirow 2018/08/03 v2.3 Span multiple rows of a table
\multirow@colwidth=\skip63
\multirow@cntb=\count172
\multirow@dima=\skip64
\bigstrutjot=\dimen290
)
("C:\Program Files\MiKTeX 2.9\tex\latex\chngcntr\chngcntr.sty"
Package: chngcntr 2018/04/09 v1.1a change counter resetting
Package chngcntr Info: \counterwithout already defined.
(chngcntr)             Quitting chngcntr on input line 21.
)
("C:\Program Files\MiKTeX 2.9\tex\latex\tools\multicol.sty"
Package: multicol 2018/04/20 v1.8s multicolumn formatting (FMi)
\c@tracingmulticols=\count173
\mult@box=\box59
\multicol@leftmargin=\dimen291
\c@unbalance=\count174
\c@collectmore=\count175
\doublecol@number=\count176
\multicoltolerance=\count177
\multicolpretolerance=\count178
\full@width=\dimen292
\page@free=\dimen293
\premulticols=\dimen294
\postmulticols=\dimen295
\multicolsep=\skip65
\multicolbaselineskip=\skip66
\partial@page=\box60
\last@line=\box61
\maxbalancingoverflow=\dimen296
\mult@rightbox=\box62
\mult@grightbox=\box63
\mult@gfirstbox=\box64
\mult@firstbox=\box65
\@tempa=\box66
\@tempa=\box67
\@tempa=\box68
\@tempa=\box69
\@tempa=\box70
\@tempa=\box71
\@tempa=\box72
\@tempa=\box73
\@tempa=\box74
\@tempa=\box75
\@tempa=\box76
\@tempa=\box77
\@tempa=\box78
\@tempa=\box79
\@tempa=\box80
\@tempa=\box81
\@tempa=\box82
\c@columnbadness=\count179
\c@finalcolumnbadness=\count180
\last@try=\dimen297
\multicolovershoot=\dimen298
\multicolundershoot=\dimen299
\mult@nat@firstbox=\box83
\colbreak@box=\box84
\mc@col@check@num=\count181
)
("C:\Program Files\MiKTeX 2.9\tex\latex\tools\xr.sty"
Package: xr 1994/05/28 v5.02 eXternal References (DPC)
)
("C:\Program Files\MiKTeX 2.9\tex\latex\ulem\ulem.sty"
\UL@box=\box85
\UL@hyphenbox=\box86
\UL@skip=\skip67
\UL@hook=\toks46
\UL@height=\dimen300
\UL@pe=\count182
\UL@pixel=\dimen301
\ULC@box=\box87
Package: ulem 2012/05/18
\ULdepth=\dimen302
)
("C:\Program Files\MiKTeX 2.9\tex\latex\wrapfig\wrapfig.sty"
\wrapoverhang=\dimen303
\WF@size=\dimen304
\c@WF@wrappedlines=\count183
\WF@box=\box88
\WF@everypar=\toks47
Package: wrapfig 2003/01/31  v 3.6
)
("C:\Program Files\MiKTeX 2.9\tex\latex\tools\tabularx.sty"
Package: tabularx 2016/02/03 v2.11b `tabularx' package (DPC)
\TX@col@width=\dimen305
\TX@old@table=\dimen306
\TX@old@col=\dimen307
\TX@target=\dimen308
\TX@delta=\dimen309
\TX@cols=\count184
\TX@ftn=\toks48
)
("C:\Program Files\MiKTeX 2.9\tex\latex\tools\dcolumn.sty"
Package: dcolumn 2014/10/28 v1.06 decimal alignment package (DPC)
)
("C:\Program Files\MiKTeX 2.9\tex\latex\multirow\bigstrut.sty"
Package: bigstrut 2018/08/03 v2.3 Provide larger struts in tabulars
)
("C:\Program Files\MiKTeX 2.9\tex\latex\graphics\rotating.sty"
Package: rotating 2016/08/11 v2.16d rotated objects in LaTeX

("C:\Program Files\MiKTeX 2.9\tex\latex\base\ifthen.sty"
Package: ifthen 2014/09/29 v1.1c Standard LaTeX ifthen package (DPC)
)
\c@r@tfl@t=\count185
\rotFPtop=\skip68
\rotFPbot=\skip69
\rot@float@box=\box89
\rot@mess@toks=\toks49
)
("C:\Program Files\MiKTeX 2.9\tex\latex\setspace\setspace.sty"
Package: setspace 2011/12/19 v6.7a set line spacing
)
("C:\Program Files\MiKTeX 2.9\tex\latex\caption\subcaption.sty"
Package: subcaption 2018/05/01 v1.1-162 Sub-captions (AR)

("C:\Program Files\MiKTeX 2.9\tex\latex\caption\caption.sty"
Package: caption 2018/10/06 v3.3-154 Customizing captions (AR)

("C:\Program Files\MiKTeX 2.9\tex\latex\caption\caption3.sty"
Package: caption3 2018/09/12 v1.8c caption3 kernel (AR)
Package caption3 Info: TeX engine: e-TeX on input line 64.
\captionmargin=\dimen310
\captionmargin@=\dimen311
\captionwidth=\dimen312
\caption@tempdima=\dimen313
\caption@indent=\dimen314
\caption@parindent=\dimen315
\caption@hangindent=\dimen316
)
\c@caption@flags=\count186
\c@ContinuedFloat=\count187
Package caption Info: beamer document class.
Package caption Info: hyperref package is loaded.
Package caption Info: Hyperref support is turned off
(caption)             because hyperref has stopped early.
Package caption Info: rotating package is loaded.
Package caption Info: threeparttable package is loaded.
Package caption Info: wrapfig package is loaded.
)
\c@subfigure=\count188
\c@subtable=\count189
)
("C:\Program Files\MiKTeX 2.9\tex\latex\lm\lmodern.sty"
Package: lmodern 2009/10/30 v1.6 Latin Modern Fonts
LaTeX Font Info:    Overwriting symbol font `operators' in version `normal'
(Font)                  OT1/cmr/m/n --> OT1/lmr/m/n on input line 22.
LaTeX Font Info:    Overwriting symbol font `letters' in version `normal'
(Font)                  OML/cmm/m/it --> OML/lmm/m/it on input line 23.
LaTeX Font Info:    Overwriting symbol font `symbols' in version `normal'
(Font)                  OMS/cmsy/m/n --> OMS/lmsy/m/n on input line 24.
LaTeX Font Info:    Overwriting symbol font `largesymbols' in version `normal'
(Font)                  OMX/cmex/m/n --> OMX/lmex/m/n on input line 25.
LaTeX Font Info:    Overwriting symbol font `operators' in version `bold'
(Font)                  OT1/cmr/bx/n --> OT1/lmr/bx/n on input line 26.
LaTeX Font Info:    Overwriting symbol font `letters' in version `bold'
(Font)                  OML/cmm/b/it --> OML/lmm/b/it on input line 27.
LaTeX Font Info:    Overwriting symbol font `symbols' in version `bold'
(Font)                  OMS/cmsy/b/n --> OMS/lmsy/b/n on input line 28.
LaTeX Font Info:    Overwriting symbol font `largesymbols' in version `bold'
(Font)                  OMX/cmex/m/n --> OMX/lmex/m/n on input line 29.
LaTeX Font Info:    Overwriting math alphabet `\mathbf' in version `normal'
(Font)                  OT1/cmr/bx/n --> OT1/lmr/bx/n on input line 31.
LaTeX Font Info:    Overwriting math alphabet `\mathsf' in version `normal'
(Font)                  OT1/cmss/m/n --> OT1/lmss/m/n on input line 32.
LaTeX Font Info:    Overwriting math alphabet `\mathit' in version `normal'
(Font)                  OT1/cmr/m/it --> OT1/lmr/m/it on input line 33.
LaTeX Font Info:    Overwriting math alphabet `\mathtt' in version `normal'
(Font)                  OT1/cmtt/m/n --> OT1/lmtt/m/n on input line 34.
LaTeX Font Info:    Overwriting math alphabet `\mathbf' in version `bold'
(Font)                  OT1/cmr/bx/n --> OT1/lmr/bx/n on input line 35.
LaTeX Font Info:    Overwriting math alphabet `\mathsf' in version `bold'
(Font)                  OT1/cmss/bx/n --> OT1/lmss/bx/n on input line 36.
LaTeX Font Info:    Overwriting math alphabet `\mathit' in version `bold'
(Font)                  OT1/cmr/bx/it --> OT1/lmr/bx/it on input line 37.
LaTeX Font Info:    Overwriting math alphabet `\mathtt' in version `bold'
(Font)                  OT1/cmtt/m/n --> OT1/lmtt/m/n on input line 38.
)
\c@ex=\count190
Package hyperref Info: Option `colorlinks' set `true' on input line 130.


Package hyperref Warning: Token not allowed in a PDF string (PDFDocEncoding):
(hyperref)                removing `\\' on input line 143.


Package hyperref Warning: Token not allowed in a PDF string (PDFDocEncoding):
(hyperref)                removing `\new@ifnextchar' on input line 143.


Package hyperref Warning: Token not allowed in a PDF string (PDFDocEncoding):
(hyperref)                removing `\medskipamount' on input line 143.

(GxInsurance_presentation.aux

LaTeX Warning: Label `fig:edu' multiply defined.

)
\openout1 = `GxInsurance_presentation.aux'.

LaTeX Font Info:    Checking defaults for OML/cmm/m/it on input line 148.
LaTeX Font Info:    ... okay on input line 148.
LaTeX Font Info:    Checking defaults for T1/cmr/m/n on input line 148.
LaTeX Font Info:    ... okay on input line 148.
LaTeX Font Info:    Checking defaults for OT1/cmr/m/n on input line 148.
LaTeX Font Info:    ... okay on input line 148.
LaTeX Font Info:    Checking defaults for OMS/cmsy/m/n on input line 148.
LaTeX Font Info:    ... okay on input line 148.
LaTeX Font Info:    Checking defaults for OMX/cmex/m/n on input line 148.
LaTeX Font Info:    ... okay on input line 148.
LaTeX Font Info:    Checking defaults for U/cmr/m/n on input line 148.
LaTeX Font Info:    ... okay on input line 148.
LaTeX Font Info:    Checking defaults for PD1/pdf/m/n on input line 148.
LaTeX Font Info:    ... okay on input line 148.
LaTeX Font Info:    Try loading font information for OT1+lmss on input line 148
.
 ("C:\Program Files\MiKTeX 2.9\tex\latex\lm\ot1lmss.fd"
File: ot1lmss.fd 2009/10/30 v1.6 Font defs for Latin Modern
)
*geometry* driver: auto-detecting
*geometry* detected driver: pdftex
*geometry* verbose mode - [ preamble ] result:
* driver: pdftex
* paper: custom
* layout: <same size as paper>
* layoutoffset:(h,v)=(0.0pt,0.0pt)
* modes: includehead includefoot 
* h-part:(L,W,R)=(28.45274pt, 398.3386pt, 28.45274pt)
* v-part:(T,H,B)=(0.0pt, 256.0748pt, 0.0pt)
* \paperwidth=455.24408pt
* \paperheight=256.0748pt
* \textwidth=398.3386pt
* \textheight=227.62207pt
* \oddsidemargin=-43.81725pt
* \evensidemargin=-43.81725pt
* \topmargin=-72.26999pt
* \headheight=14.22636pt
* \headsep=0.0pt
* \topskip=10.0pt
* \footskip=14.22636pt
* \marginparwidth=3.0pt
* \marginparsep=11.0pt
* \columnsep=10.0pt
* \skip\footins=9.0pt plus 4.0pt minus 2.0pt
* \hoffset=0.0pt
* \voffset=0.0pt
* \mag=1000
* \@twocolumnfalse
* \@twosidefalse
* \@mparswitchfalse
* \@reversemarginfalse
* (1in=72.27pt=25.4mm, 1cm=28.453pt)

("C:\Program Files\MiKTeX 2.9\tex\context\base\supp-pdf.mkii"
[Loading MPS to PDF converter (version 2006.09.02).]
\scratchcounter=\count191
\scratchdimen=\dimen317
\scratchbox=\box90
\nofMPsegments=\count192
\nofMParguments=\count193
\everyMPshowfont=\toks50
\MPscratchCnt=\count194
\MPscratchDim=\dimen318
\MPnumerator=\count195
\makeMPintoPDFobject=\count196
\everyMPtoPDFconversion=\toks51
) ("C:\Program Files\MiKTeX 2.9\tex\latex\oberdiek\epstopdf-base.sty"
Package: epstopdf-base 2016/05/15 v2.6 Base part for package epstopdf

("C:\Program Files\MiKTeX 2.9\tex\latex\oberdiek\grfext.sty"
Package: grfext 2016/05/16 v1.2 Manage graphics extensions (HO)
)
Package epstopdf-base Info: Redefining graphics rule for `.eps' on input line 4
38.
Package grfext Info: Graphics extension search list:
(grfext)             [.pdf,.png,.jpg,.mps,.jpeg,.jbig2,.jb2,.PDF,.PNG,.JPG,.JPE
G,.JBIG2,.JB2,.eps]
(grfext)             \AppendGraphicsExtensions on input line 456.
)
ABD: EveryShipout initializing macros
\AtBeginShipoutBox=\box91
Package hyperref Info: Link coloring ON on input line 148.

("C:\Program Files\MiKTeX 2.9\tex\latex\hyperref\nameref.sty"
Package: nameref 2016/05/21 v2.44 Cross-referencing by name of section

("C:\Program Files\MiKTeX 2.9\tex\generic\oberdiek\gettitlestring.sty"
Package: gettitlestring 2016/05/16 v1.5 Cleanup title references (HO)
)
\c@section@level=\count197
)
LaTeX Info: Redefining \ref on input line 148.
LaTeX Info: Redefining \pageref on input line 148.
LaTeX Info: Redefining \nameref on input line 148.

(GxInsurance_presentation.out) (GxInsurance_presentation.out)
\@outlinefile=\write6
\openout6 = `GxInsurance_presentation.out'.

LaTeX Font Info:    Overwriting symbol font `operators' in version `normal'
(Font)                  OT1/lmr/m/n --> OT1/cmss/m/n on input line 148.
LaTeX Font Info:    Overwriting symbol font `operators' in version `bold'
(Font)                  OT1/lmr/bx/n --> OT1/cmss/bx/n on input line 148.
LaTeX Font Info:    Overwriting symbol font `operators' in version `normal'
(Font)                  OT1/cmss/m/n --> OT1/lmss/m/n on input line 148.
LaTeX Font Info:    Overwriting symbol font `operators' in version `bold'
(Font)                  OT1/cmss/bx/n --> OT1/lmss/bx/n on input line 148.
\symnumbers=\mathgroup6
\sympureletters=\mathgroup7
LaTeX Font Info:    Overwriting math alphabet `\mathrm' in version `normal'
(Font)                  OT1/lmss/m/n --> OT1/lmr/m/n on input line 148.
LaTeX Font Info:    Redeclaring math alphabet \mathbf on input line 148.
LaTeX Font Info:    Overwriting math alphabet `\mathbf' in version `normal'
(Font)                  OT1/lmr/bx/n --> OT1/lmss/bx/n on input line 148.
LaTeX Font Info:    Overwriting math alphabet `\mathbf' in version `bold'
(Font)                  OT1/lmr/bx/n --> OT1/lmss/bx/n on input line 148.
LaTeX Font Info:    Redeclaring math alphabet \mathsf on input line 148.
LaTeX Font Info:    Overwriting math alphabet `\mathsf' in version `normal'
(Font)                  OT1/lmss/m/n --> OT1/lmss/m/n on input line 148.
LaTeX Font Info:    Overwriting math alphabet `\mathsf' in version `bold'
(Font)                  OT1/lmss/bx/n --> OT1/lmss/m/n on input line 148.
LaTeX Font Info:    Redeclaring math alphabet \mathit on input line 148.
LaTeX Font Info:    Overwriting math alphabet `\mathit' in version `normal'
(Font)                  OT1/lmr/m/it --> OT1/lmss/m/it on input line 148.
LaTeX Font Info:    Overwriting math alphabet `\mathit' in version `bold'
(Font)                  OT1/lmr/bx/it --> OT1/lmss/m/it on input line 148.
LaTeX Font Info:    Redeclaring math alphabet \mathtt on input line 148.
LaTeX Font Info:    Overwriting math alphabet `\mathtt' in version `normal'
(Font)                  OT1/lmtt/m/n --> OT1/lmtt/m/n on input line 148.
LaTeX Font Info:    Overwriting math alphabet `\mathtt' in version `bold'
(Font)                  OT1/lmtt/m/n --> OT1/lmtt/m/n on input line 148.
LaTeX Font Info:    Overwriting symbol font `numbers' in version `bold'
(Font)                  OT1/lmss/m/n --> OT1/lmss/bx/n on input line 148.
LaTeX Font Info:    Overwriting symbol font `pureletters' in version `bold'
(Font)                  OT1/lmss/m/it --> OT1/lmss/bx/it on input line 148.
LaTeX Font Info:    Overwriting math alphabet `\mathrm' in version `bold'
(Font)                  OT1/lmss/bx/n --> OT1/lmr/bx/n on input line 148.
LaTeX Font Info:    Overwriting math alphabet `\mathbf' in version `bold'
(Font)                  OT1/lmss/bx/n --> OT1/lmss/bx/n on input line 148.
LaTeX Font Info:    Overwriting math alphabet `\mathsf' in version `bold'
(Font)                  OT1/lmss/m/n --> OT1/lmss/bx/n on input line 148.
LaTeX Font Info:    Overwriting math alphabet `\mathit' in version `bold'
(Font)                  OT1/lmss/m/it --> OT1/lmss/bx/it on input line 148.
LaTeX Font Info:    Overwriting math alphabet `\mathtt' in version `bold'
(Font)                  OT1/lmtt/m/n --> OT1/lmtt/bx/n on input line 148.

("C:\Program Files\MiKTeX 2.9\tex\latex\translator\translator-basic-dictionary-
English.dict"
Dictionary: translator-basic-dictionary, Language: English 
)
("C:\Program Files\MiKTeX 2.9\tex\latex\translator\translator-bibliography-dict
ionary-English.dict"
Dictionary: translator-bibliography-dictionary, Language: English 
)
("C:\Program Files\MiKTeX 2.9\tex\latex\translator\translator-environment-dicti
onary-English.dict"
Dictionary: translator-environment-dictionary, Language: English 
)
("C:\Program Files\MiKTeX 2.9\tex\latex\translator\translator-months-dictionary
-English.dict"
Dictionary: translator-months-dictionary, Language: English 
)
("C:\Program Files\MiKTeX 2.9\tex\latex\translator\translator-numbers-dictionar
y-English.dict"
Dictionary: translator-numbers-dictionary, Language: English 
)
("C:\Program Files\MiKTeX 2.9\tex\latex\translator\translator-theorem-dictionar
y-English.dict"
Dictionary: translator-theorem-dictionary, Language: English 
)
Package caption Info: Begin \AtBeginDocument code.
Package caption Info: End \AtBeginDocument code.
 (GxInsurance_presentation.nav) [1{C:/Users/parce/AppData/Local/MiKTeX/2.9/pdft
ex/config/pdftex.map}

] (GxInsurance_presentation.toc) [2

]
LaTeX Font Info:    Try loading font information for OML+lmm on input line 212.


("C:\Program Files\MiKTeX 2.9\tex\latex\lm\omllmm.fd"
File: omllmm.fd 2009/10/30 v1.6 Font defs for Latin Modern
)
LaTeX Font Info:    Try loading font information for OMS+lmsy on input line 212
.

("C:\Program Files\MiKTeX 2.9\tex\latex\lm\omslmsy.fd"
File: omslmsy.fd 2009/10/30 v1.6 Font defs for Latin Modern
)
LaTeX Font Info:    Try loading font information for OMX+lmex on input line 212
.

("C:\Program Files\MiKTeX 2.9\tex\latex\lm\omxlmex.fd"
File: omxlmex.fd 2009/10/30 v1.6 Font defs for Latin Modern
)
LaTeX Font Info:    External font `lmex10' loaded for size
(Font)              <10> on input line 212.
LaTeX Font Info:    External font `lmex10' loaded for size
(Font)              <7> on input line 212.
LaTeX Font Info:    External font `lmex10' loaded for size
(Font)              <5> on input line 212.
LaTeX Font Info:    Font shape `OT1/lmss/m/it' in size <10> not available
(Font)              Font shape `OT1/lmss/m/sl' tried instead on input line 212.

LaTeX Font Info:    Font shape `OT1/lmss/m/it' in size <7> not available
(Font)              Font shape `OT1/lmss/m/sl' tried instead on input line 212.

LaTeX Font Info:    Font shape `OT1/lmss/m/it' in size <5> not available
(Font)              Font shape `OT1/lmss/m/sl' tried instead on input line 212.

 [3

] [4

] [5

]
LaTeX Font Info:    External font `lmex10' loaded for size
(Font)              <9> on input line 234.
LaTeX Font Info:    External font `lmex10' loaded for size
(Font)              <6> on input line 234.
LaTeX Font Info:    Font shape `OT1/lmss/m/it' in size <9> not available
(Font)              Font shape `OT1/lmss/m/sl' tried instead on input line 234.

LaTeX Font Info:    Font shape `OT1/lmss/m/it' in size <6> not available
(Font)              Font shape `OT1/lmss/m/sl' tried instead on input line 234.

 [6

]
[7

] [8

] [9

] (GxInsurance_presentation.toc) [10

]
<./include/SNP2.png, id=321, 250.9375pt x 314.17375pt>
File: ./include/SNP2.png Graphic file (type png)
<use ./include/SNP2.png>
Package pdftex.def Info: ./include/SNP2.png  used on input line 358.
(pdftex.def)             Requested size: 100.37321pt x 125.66727pt.

Overfull \hbox (20.70673pt too wide) in paragraph at lines 358--358
[][] 
 []

[11

 <./include/SNP2.png>]
<./include/smokeInit_manhattan.png, id=338, 524.45938pt x 260.975pt>
File: ./include/smokeInit_manhattan.png Graphic file (type png)
<use ./include/smokeInit_manhattan.png>
Package pdftex.def Info: ./include/smokeInit_manhattan.png  used on input line 
403.
(pdftex.def)             Requested size: 286.80293pt x 142.72035pt.
LaTeX Font Info:    External font `lmex10' loaded for size
(Font)              <8> on input line 403.
LaTeX Font Info:    Font shape `OT1/lmss/m/it' in size <8> not available
(Font)              Font shape `OT1/lmss/m/sl' tried instead on input line 403.

 [12

 <./include/smokeInit_manhattan.png>]
<../../3_output/make_histograms/pgs_density_6070_smoken_smooth.png, id=354, 650
.43pt x 433.62pt>
File: ../../3_output/make_histograms/pgs_density_6070_smoken_smooth.png Graphic
 file (type png)
<use ../../3_output/make_histograms/pgs_density_6070_smoken_smooth.png>
Package pdftex.def Info: ../../3_output/make_histograms/pgs_density_6070_smoken
_smooth.png  used on input line 440.
(pdftex.def)             Requested size: 248.87302pt x 165.91284pt.

Overfull \vbox (11.39053pt too high) detected at line 440
 []

[13

 <../../3_output/make_histograms/pgs_density_6070_smoken_smooth.png>]
(GxInsurance_presentation.toc) [14

] (GxInsurance_presentation.toc) [15

]
[16

] [17

]
<../../3_output/over_time/graph_6070cvrdd_agebypgs.png, id=443, 650.43pt x 433.
62pt>
File: ../../3_output/over_time/graph_6070cvrdd_agebypgs.png Graphic file (type 
png)
<use ../../3_output/over_time/graph_6070cvrdd_agebypgs.png>
Package pdftex.def Info: ../../3_output/over_time/graph_6070cvrdd_agebypgs.png 
 used on input line 539.
(pdftex.def)             Requested size: 213.316pt x 142.20842pt.
 [18

 <../../3_output/over_time/graph_6070cvrdd_agebypgs.png>]
(../../3_output/descriptive/descriptive_full.tex) [19

]
<../../3_output/over_time/graph_6070smokenplot_agebypgs.png, id=477, 650.43pt x
 433.62pt>
File: ../../3_output/over_time/graph_6070smokenplot_agebypgs.png Graphic file (
type png)
<use ../../3_output/over_time/graph_6070smokenplot_agebypgs.png>
Package pdftex.def Info: ../../3_output/over_time/graph_6070smokenplot_agebypgs
.png  used on input line 568.
(pdftex.def)             Requested size: 284.42348pt x 189.61623pt.
 [20

 <../../3_output/over_time/graph_6070smokenplot_agebypgs.png>] (GxInsurance_pre
sentation.toc)
[21

] [22

]
Overfull \vbox (20.20152pt too high) detected at line 668
 []

[23

]
<../../3_output/shock_effects/main_6070_100_cvplot.png, id=543, 505.89pt x 505.
89pt>
File: ../../3_output/shock_effects/main_6070_100_cvplot.png Graphic file (type 
png)
<use ../../3_output/shock_effects/main_6070_100_cvplot.png>
Package pdftex.def Info: ../../3_output/shock_effects/main_6070_100_cvplot.png 
 used on input line 685.
(pdftex.def)             Requested size: 189.61565pt x 189.61623pt.

Overfull \vbox (10.17726pt too high) detected at line 685
 []

[24

 <../../3_output/shock_effects/main_6070_100_cvplot.png>]
(../../3_output/OLSresults/main_results.tex)
LaTeX Font Info:    External font `lmex10' loaded for size
(Font)              <14.4> on input line 709.
LaTeX Font Info:    Font shape `OT1/lmss/m/it' in size <14.4> not available
(Font)              Font shape `OT1/lmss/m/sl' tried instead on input line 709.


Overfull \vbox (7.20238pt too high) detected at line 709
 []

[25

]
<../../3_output/shock_effects/robustness_6070__3pgs_cvplot.png, id=575, 505.89p
t x 505.89pt>
File: ../../3_output/shock_effects/robustness_6070__3pgs_cvplot.png Graphic fil
e (type png)
<use ../../3_output/shock_effects/robustness_6070__3pgs_cvplot.png>
Package pdftex.def Info: ../../3_output/shock_effects/robustness_6070__3pgs_cvp
lot.png  used on input line 721.
(pdftex.def)             Requested size: 189.61565pt x 189.61623pt.
 [26

 <../../3_output/shock_effects/robustness_6070__3pgs_cvplot.png>]
(GxInsurance_presentation.toc) [27

] (GxInsurance_presentation.toc) [28

]
<../../3_output/over_time/graph_6070govmrrdd_agebypgs.png, id=640, 650.43pt x 4
33.62pt>
File: ../../3_output/over_time/graph_6070govmrrdd_agebypgs.png Graphic file (ty
pe png)
<use ../../3_output/over_time/graph_6070govmrrdd_agebypgs.png>
Package pdftex.def Info: ../../3_output/over_time/graph_6070govmrrdd_agebypgs.p
ng  used on input line 749.
(pdftex.def)             Requested size: 143.40213pt x 95.6018pt.
<../../3_output/over_time/graph_6070retiredrdd_agebypgs.png, id=641, 650.43pt x
 433.62pt>
File: ../../3_output/over_time/graph_6070retiredrdd_agebypgs.png Graphic file (
type png)
<use ../../3_output/over_time/graph_6070retiredrdd_agebypgs.png>
Package pdftex.def Info: ../../3_output/over_time/graph_6070retiredrdd_agebypgs
.png  used on input line 749.
(pdftex.def)             Requested size: 143.40213pt x 95.6018pt.
<../../3_output/over_time/graph_6070iearnrdd_agebypgs.png, id=642, 650.43pt x 4
33.62pt>
File: ../../3_output/over_time/graph_6070iearnrdd_agebypgs.png Graphic file (ty
pe png)
<use ../../3_output/over_time/graph_6070iearnrdd_agebypgs.png>
Package pdftex.def Info: ../../3_output/over_time/graph_6070iearnrdd_agebypgs.p
ng  used on input line 749.
(pdftex.def)             Requested size: 143.40213pt x 95.6018pt.

Overfull \hbox (7.42299pt too wide) in paragraph at lines 749--749
[]|  [][][]  
 []

[29

 <../../3_output/over_time/graph_6070govmrrdd_agebypgs.png> <../../3_output/ove
r_time/graph_6070retiredrdd_agebypgs.png (PNG copy)> <../../3_output/over_time/
graph_6070iearnrdd_agebypgs.png>] [30

]
<../../3_output/shock_effects/retired_6070_100_cvplot.png, id=692, 505.89pt x 5
05.89pt>
File: ../../3_output/shock_effects/retired_6070_100_cvplot.png Graphic file (ty
pe png)
<use ../../3_output/shock_effects/retired_6070_100_cvplot.png>
Package pdftex.def Info: ../../3_output/shock_effects/retired_6070_100_cvplot.p
ng  used on input line 781.
(pdftex.def)             Requested size: 189.61565pt x 189.61623pt.
 [31

 <../../3_output/shock_effects/retired_6070_100_cvplot.png>]
<../../3_output/shock_effects/IHSwage_6070_100_cvplot.png, id=708, 505.89pt x 5
05.89pt>
File: ../../3_output/shock_effects/IHSwage_6070_100_cvplot.png Graphic file (ty
pe png)
<use ../../3_output/shock_effects/IHSwage_6070_100_cvplot.png>
Package pdftex.def Info: ../../3_output/shock_effects/IHSwage_6070_100_cvplot.p
ng  used on input line 794.
(pdftex.def)             Requested size: 189.61565pt x 189.61623pt.
 [32

 <../../3_output/shock_effects/IHSwage_6070_100_cvplot.png>]
<../../3_output/shock_effects/hhinc_6070_100_cvplot.png, id=723, 505.89pt x 505
.89pt>
File: ../../3_output/shock_effects/hhinc_6070_100_cvplot.png Graphic file (type
 png)
<use ../../3_output/shock_effects/hhinc_6070_100_cvplot.png>
Package pdftex.def Info: ../../3_output/shock_effects/hhinc_6070_100_cvplot.png
  used on input line 807.
(pdftex.def)             Requested size: 189.61565pt x 189.61623pt.
 [33

 <../../3_output/shock_effects/hhinc_6070_100_cvplot.png>]
<../../3_output/shock_effects/medexp_6070_100_cvplot.png, id=738, 505.89pt x 50
5.89pt>
File: ../../3_output/shock_effects/medexp_6070_100_cvplot.png Graphic file (typ
e png)
<use ../../3_output/shock_effects/medexp_6070_100_cvplot.png>
Package pdftex.def Info: ../../3_output/shock_effects/medexp_6070_100_cvplot.pn
g  used on input line 833.
(pdftex.def)             Requested size: 189.61565pt x 189.61623pt.

[34

 <../../3_output/shock_effects/medexp_6070_100_cvplot.png>]
<../../3_output/shock_effects/mpart_6070_100_cvplot.png, id=754, 505.89pt x 505
.89pt>
File: ../../3_output/shock_effects/mpart_6070_100_cvplot.png Graphic file (type
 png)
<use ../../3_output/shock_effects/mpart_6070_100_cvplot.png>
Package pdftex.def Info: ../../3_output/shock_effects/mpart_6070_100_cvplot.png
  used on input line 859.
(pdftex.def)             Requested size: 189.61565pt x 189.61623pt.
 [35

 <../../3_output/shock_effects/mpart_6070_100_cvplot.png>]
<../../3_output/shock_effects/smokePartner_6070_100_cv.png, id=769, 505.89pt x 
505.89pt>
File: ../../3_output/shock_effects/smokePartner_6070_100_cv.png Graphic file (t
ype png)
<use ../../3_output/shock_effects/smokePartner_6070_100_cv.png>
Package pdftex.def Info: ../../3_output/shock_effects/smokePartner_6070_100_cv.
png  used on input line 872.
(pdftex.def)             Requested size: 189.61565pt x 189.61623pt.
 [36

 <../../3_output/shock_effects/smokePartner_6070_100_cv.png>]
<../../3_output/shock_effects/dead2_6070_100_cvplot.png, id=784, 505.89pt x 505
.89pt>
File: ../../3_output/shock_effects/dead2_6070_100_cvplot.png Graphic file (type
 png)
<use ../../3_output/shock_effects/dead2_6070_100_cvplot.png>
Package pdftex.def Info: ../../3_output/shock_effects/dead2_6070_100_cvplot.png
  used on input line 884.
(pdftex.def)             Requested size: 189.61565pt x 189.61623pt.
 [37

 <../../3_output/shock_effects/dead2_6070_100_cvplot.png>]
<../../3_output/shock_effects/dead5_6070_100_cvplot.png, id=800, 505.89pt x 505
.89pt>
File: ../../3_output/shock_effects/dead5_6070_100_cvplot.png Graphic file (type
 png)
<use ../../3_output/shock_effects/dead5_6070_100_cvplot.png>
Package pdftex.def Info: ../../3_output/shock_effects/dead5_6070_100_cvplot.png
  used on input line 896.
(pdftex.def)             Requested size: 189.61565pt x 189.61623pt.
 [38

 <../../3_output/shock_effects/dead5_6070_100_cvplot.png>]
(GxInsurance_presentation.toc) [39

] [40

]
<../../3_output/shock_effects/robustness_6070__25pt_cvplot.png, id=863, 505.89p
t x 505.89pt>
File: ../../3_output/shock_effects/robustness_6070__25pt_cvplot.png Graphic fil
e (type png)
<use ../../3_output/shock_effects/robustness_6070__25pt_cvplot.png>
Package pdftex.def Info: ../../3_output/shock_effects/robustness_6070__25pt_cvp
lot.png  used on input line 953.
(pdftex.def)             Requested size: 189.61565pt x 189.61623pt.

Overfull \vbox (10.17726pt too high) detected at line 953
 []

[41

 <../../3_output/shock_effects/robustness_6070__25pt_cvplot.png>]
<../../3_output/shock_effects/robustness_6070__50pt_cvplot.png, id=879, 505.89p
t x 505.89pt>
File: ../../3_output/shock_effects/robustness_6070__50pt_cvplot.png Graphic fil
e (type png)
<use ../../3_output/shock_effects/robustness_6070__50pt_cvplot.png>
Package pdftex.def Info: ../../3_output/shock_effects/robustness_6070__50pt_cvp
lot.png  used on input line 966.
(pdftex.def)             Requested size: 189.61565pt x 189.61623pt.

Overfull \vbox (10.17726pt too high) detected at line 966
 []

[42

 <../../3_output/shock_effects/robustness_6070__50pt_cvplot.png>]
<../../3_output/shock_effects/robustness_6070__75pt_cvplot.png, id=896, 505.89p
t x 505.89pt>
File: ../../3_output/shock_effects/robustness_6070__75pt_cvplot.png Graphic fil
e (type png)
<use ../../3_output/shock_effects/robustness_6070__75pt_cvplot.png>
Package pdftex.def Info: ../../3_output/shock_effects/robustness_6070__75pt_cvp
lot.png  used on input line 979.
(pdftex.def)             Requested size: 189.61565pt x 189.61623pt.

Overfull \vbox (10.17726pt too high) detected at line 979
 []

[43

 <../../3_output/shock_effects/robustness_6070__75pt_cvplot.png>]
<../../3_output/shock_effects/robustness_6070__oldpgs_cvplot.png, id=914, 505.8
9pt x 505.89pt>
File: ../../3_output/shock_effects/robustness_6070__oldpgs_cvplot.png Graphic f
ile (type png)
<use ../../3_output/shock_effects/robustness_6070__oldpgs_cvplot.png>
Package pdftex.def Info: ../../3_output/shock_effects/robustness_6070__oldpgs_c
vplot.png  used on input line 993.
(pdftex.def)             Requested size: 189.61565pt x 189.61623pt.

Overfull \vbox (10.17726pt too high) detected at line 993
 []

[44

 <../../3_output/shock_effects/robustness_6070__oldpgs_cvplot.png>]
(GxInsurance_presentation.toc) [45

] [46

]
<../../3_output/shock_effects/cog_6070_100_cvplot.png, id=984, 505.89pt x 505.8
9pt>
File: ../../3_output/shock_effects/cog_6070_100_cvplot.png Graphic file (type p
ng)
<use ../../3_output/shock_effects/cog_6070_100_cvplot.png>
Package pdftex.def Info: ../../3_output/shock_effects/cog_6070_100_cvplot.png  
used on input line 1035.
(pdftex.def)             Requested size: 189.61565pt x 189.61623pt.
 [47

 <../../3_output/shock_effects/cog_6070_100_cvplot.png>]
<../../3_output/shock_effects/consc_6070_100_cvplot.png, id=1000, 505.89pt x 50
5.89pt>
File: ../../3_output/shock_effects/consc_6070_100_cvplot.png Graphic file (type
 png)
<use ../../3_output/shock_effects/consc_6070_100_cvplot.png>
Package pdftex.def Info: ../../3_output/shock_effects/consc_6070_100_cvplot.png
  used on input line 1047.
(pdftex.def)             Requested size: 189.61565pt x 189.61623pt.
 [48

 <../../3_output/shock_effects/consc_6070_100_cvplot.png>]
<../../3_output/shock_effects/risk_6070_100_cvplot.png, id=1016, 505.89pt x 505
.89pt>
File: ../../3_output/shock_effects/risk_6070_100_cvplot.png Graphic file (type 
png)
<use ../../3_output/shock_effects/risk_6070_100_cvplot.png>
Package pdftex.def Info: ../../3_output/shock_effects/risk_6070_100_cvplot.png 
 used on input line 1059.
(pdftex.def)             Requested size: 189.61565pt x 189.61623pt.
 [49

 <../../3_output/shock_effects/risk_6070_100_cvplot.png>]
<../../3_output/shock_effects/female_6070_100_cvplot.png, id=1033, 505.89pt x 5
05.89pt>
File: ../../3_output/shock_effects/female_6070_100_cvplot.png Graphic file (typ
e png)
<use ../../3_output/shock_effects/female_6070_100_cvplot.png>
Package pdftex.def Info: ../../3_output/shock_effects/female_6070_100_cvplot.pn
g  used on input line 1070.
(pdftex.def)             Requested size: 189.61565pt x 189.61623pt.
 [50

 <../../3_output/shock_effects/female_6070_100_cvplot.png>]
<../../3_output/shock_effects/edu_6070_100_cvplot.png, id=1050, 505.89pt x 505.
89pt>
File: ../../3_output/shock_effects/edu_6070_100_cvplot.png Graphic file (type p
ng)
<use ../../3_output/shock_effects/edu_6070_100_cvplot.png>
Package pdftex.def Info: ../../3_output/shock_effects/edu_6070_100_cvplot.png  
used on input line 1081.
(pdftex.def)             Requested size: 189.61565pt x 189.61623pt.
 [51

 <../../3_output/shock_effects/edu_6070_100_cvplot.png>]
<../../3_output/shock_effects/fSmokeB_6070_100_cv.png, id=1066, 505.89pt x 505.
89pt>
File: ../../3_output/shock_effects/fSmokeB_6070_100_cv.png Graphic file (type p
ng)
<use ../../3_output/shock_effects/fSmokeB_6070_100_cv.png>
Package pdftex.def Info: ../../3_output/shock_effects/fSmokeB_6070_100_cv.png  
used on input line 1092.
(pdftex.def)             Requested size: 189.61565pt x 189.61623pt.
pdfTeX warning (ext4): destination with the same identifier (name{fig:edu}) has
 been already used, duplicate ignored
<to be read again> 
                   \relax 
l.1092 \end{frame}
                   [52

 <../../3_output/shock_effects/fSmokeB_6070_100_cv.png>]
(GxInsurance_presentation.toc) [53

] (GxInsurance_presentation.toc) [54

]
[55

] (GxInsurance_presentation.toc) [56

] [57

] [58

] [59

]
(GxInsurance_presentation.toc) [60

] (GxInsurance_presentation.toc) [61

]
<./include/lung_cancer_rates.pdf, id=1253, 722.7pt x 542.025pt>
File: ./include/lung_cancer_rates.pdf Graphic file (type pdf)
<use ./include/lung_cancer_rates.pdf>
Package pdftex.def Info: ./include/lung_cancer_rates.pdf  used on input line 12
44.
(pdftex.def)             Requested size: 252.81645pt x 189.61623pt.

[62

 <./include/lung_cancer_rates.pdf>]
<./include/GWAS_manhattanplots.pdf, id=1269, 963.6pt x 542.025pt>
File: ./include/GWAS_manhattanplots.pdf Graphic file (type pdf)
<use ./include/GWAS_manhattanplots.pdf>
Package pdftex.def Info: ./include/GWAS_manhattanplots.pdf  used on input line 
1258.
(pdftex.def)             Requested size: 337.08861pt x 189.61623pt.
 [63

 <./include/GWAS_manhattanplots.pdf>]
<./include/chr15q25_biology.pdf, id=1290, 722.7pt x 542.025pt>
File: ./include/chr15q25_biology.pdf Graphic file (type pdf)
<use ./include/chr15q25_biology.pdf>
Package pdftex.def Info: ./include/chr15q25_biology.pdf  used on input line 126
8.
(pdftex.def)             Requested size: 252.81645pt x 189.61623pt.
[64

 <./include/chr15q25_biology.pdf>] (GxInsurance_presentation.toc) [65

]
(../../3_output/descriptive/descriptive_subgroups.tex) [66

]
(../../3_output/descriptive/descriptive_uninsured.tex) [67

]
(GxInsurance_presentation.toc) [68

]
(../../3_output/OLSresults/reg_results_multi_checkmarks.tex)
Overfull \vbox (59.09642pt too high) detected at line 1327
 []

[69

] [70

]
Overfull \vbox (45.31256pt too high) detected at line 1415
 []

[71

] (GxInsurance_presentation.toc) [72

]
<../../3_output/shock_effects/robustness_5971_100_cvplot.png, id=1434, 505.89pt
 x 505.89pt>
File: ../../3_output/shock_effects/robustness_5971_100_cvplot.png Graphic file 
(type png)
<use ../../3_output/shock_effects/robustness_5971_100_cvplot.png>
Package pdftex.def Info: ../../3_output/shock_effects/robustness_5971_100_cvplo
t.png  used on input line 1446.
(pdftex.def)             Requested size: 189.61565pt x 189.61623pt.

Overfull \vbox (10.17726pt too high) detected at line 1446
 []

[73

 <../../3_output/shock_effects/robustness_5971_100_cvplot.png>]
<../../3_output/shock_effects/robustness_5872_100_cvplot.png, id=1448, 505.89pt
 x 505.89pt>
File: ../../3_output/shock_effects/robustness_5872_100_cvplot.png Graphic file 
(type png)
<use ../../3_output/shock_effects/robustness_5872_100_cvplot.png>
Package pdftex.def Info: ../../3_output/shock_effects/robustness_5872_100_cvplo
t.png  used on input line 1459.
(pdftex.def)             Requested size: 189.61565pt x 189.61623pt.

Overfull \vbox (10.17726pt too high) detected at line 1459
 []

[74

 <../../3_output/shock_effects/robustness_5872_100_cvplot.png>]
<../../3_output/shock_effects/robustness_5570_100_cvplot.png, id=1462, 505.89pt
 x 505.89pt>
File: ../../3_output/shock_effects/robustness_5570_100_cvplot.png Graphic file 
(type png)
<use ../../3_output/shock_effects/robustness_5570_100_cvplot.png>
Package pdftex.def Info: ../../3_output/shock_effects/robustness_5570_100_cvplo
t.png  used on input line 1472.
(pdftex.def)             Requested size: 189.61565pt x 189.61623pt.

Overfull \vbox (10.17726pt too high) detected at line 1472
 []

[75

 <../../3_output/shock_effects/robustness_5570_100_cvplot.png>]
<../../3_output/shock_effects/robustness_607066_cvplot.png, id=1476, 505.89pt x
 505.89pt>
File: ../../3_output/shock_effects/robustness_607066_cvplot.png Graphic file (t
ype png)
<use ../../3_output/shock_effects/robustness_607066_cvplot.png>
Package pdftex.def Info: ../../3_output/shock_effects/robustness_607066_cvplot.
png  used on input line 1514.
(pdftex.def)             Requested size: 189.61565pt x 189.61623pt.

Overfull \vbox (10.17726pt too high) detected at line 1514
 []

[76

 <../../3_output/shock_effects/robustness_607066_cvplot.png>]
<../../3_output/shock_effects/robustness_607033_cvplot.png, id=1489, 505.89pt x
 505.89pt>
File: ../../3_output/shock_effects/robustness_607033_cvplot.png Graphic file (t
ype png)
<use ../../3_output/shock_effects/robustness_607033_cvplot.png>
Package pdftex.def Info: ../../3_output/shock_effects/robustness_607033_cvplot.
png  used on input line 1527.
(pdftex.def)             Requested size: 189.61565pt x 189.61623pt.

Overfull \vbox (10.17726pt too high) detected at line 1527
 []

[77

 <../../3_output/shock_effects/robustness_607033_cvplot.png>]
<../../3_output/shock_effects/robustness_cogPGS_6070_100_cvplot.png, id=1503, 5
05.89pt x 505.89pt>
File: ../../3_output/shock_effects/robustness_cogPGS_6070_100_cvplot.png Graphi
c file (type png)
<use ../../3_output/shock_effects/robustness_cogPGS_6070_100_cvplot.png>
Package pdftex.def Info: ../../3_output/shock_effects/robustness_cogPGS_6070_10
0_cvplot.png  used on input line 1569.
(pdftex.def)             Requested size: 189.61565pt x 189.61623pt.
 [78

 <../../3_output/shock_effects/robustness_cogPGS_6070_100_cvplot.png>]
<../../3_output/shock_effects/robustness_riskPGS_GWAS_6070_100_cvplot.png, id=1
517, 505.89pt x 505.89pt>
File: ../../3_output/shock_effects/robustness_riskPGS_GWAS_6070_100_cvplot.png 
Graphic file (type png)
<use ../../3_output/shock_effects/robustness_riskPGS_GWAS_6070_100_cvplot.png>
Package pdftex.def Info: ../../3_output/shock_effects/robustness_riskPGS_GWAS_6
070_100_cvplot.png  used on input line 1593.
(pdftex.def)             Requested size: 189.61565pt x 189.61623pt.
 [79

 <../../3_output/shock_effects/robustness_riskPGS_GWAS_6070_100_cvplot.png>]
<./include/Sequencing_Cost_per_Genome_May2020.jpg, id=1532, 963.6pt x 542.32613
pt>
File: ./include/Sequencing_Cost_per_Genome_May2020.jpg Graphic file (type jpg)
<use ./include/Sequencing_Cost_per_Genome_May2020.jpg>
Package pdftex.def Info: ./include/Sequencing_Cost_per_Genome_May2020.jpg  used
 on input line 1649.
(pdftex.def)             Requested size: 294.78712pt x 165.91284pt.
 [80

 <./include/Sequencing_Cost_per_Genome_May2020.jpg>] (GxInsurance_presentation.
bbl) [81

 <C:/Program Files/MiKTeX 2.9/tex/latex/beamer/beamericonarticle.pdf>] [82


] [83


]
[84


] [85


]
\tf@nav=\write7
\openout7 = `GxInsurance_presentation.nav'.

\tf@toc=\write8
\openout8 = `GxInsurance_presentation.toc'.

\tf@snm=\write9
\openout9 = `GxInsurance_presentation.snm'.

Package atveryend Info: Empty hook `BeforeClearDocument' on input line 1665.
Package atveryend Info: Empty hook `AfterLastShipout' on input line 1665.
 (GxInsurance_presentation.aux)
Package atveryend Info: Executing hook `AtVeryEndDocument' on input line 1665.
Package atveryend Info: Executing hook `AtEndAfterFileList' on input line 1665.

Package rerunfilecheck Info: File `GxInsurance_presentation.out' has not change
d.
(rerunfilecheck)             Checksum: FDC12E83F46A3010D17DAFD10B15641A;1105.


LaTeX Warning: There were multiply-defined labels.

 ) 
Here is how much of TeX's memory you used:
 21883 strings out of 492973
 412759 string characters out of 3135932
 535598 words of memory out of 3000000
 24838 multiletter control sequences out of 15000+200000
 63760 words of font info for 64 fonts, out of 3000000 for 9000
 1141 hyphenation exceptions out of 8191
 56i,21n,74p,793b,715s stack positions out of 5000i,500n,10000p,200000b,50000s
pdfTeX warning (dest): name{fig:income} has been referenced but does not exis
t, replaced by a fixed one

pdfTeX warning (dest): name{fig:gender} has been referenced but does not exist,
 replaced by a fixed one

pdfTeX warning (dest): name{fig:oome} has been referenced but does not exist, r
eplaced by a fixed one

{C:/Program Files/MiKTeX 2.9/fonts/enc/dvips/lm/lm-rm.enc}{C:/Program Files/MiK
TeX 2.9/fonts/enc/dvips/lm/lm-mathsy.enc}{C:/Program Files/MiKTeX 2.9/fonts/enc
/dvips/lm/lm-mathit.enc}{C:/Program Files/MiKTeX 2.9/fonts/enc/dvips/lm/lm-math
ex.enc}<C:/Program Files/MiKTeX 2.9/fonts/type1/public/lm/lmex10.pfb><C:/Progra
m Files/MiKTeX 2.9/fonts/type1/public/lm/lmmi10.pfb><C:/Program Files/MiKTeX 2.
9/fonts/type1/public/lm/lmmi8.pfb><C:/Program Files/MiKTeX 2.9/fonts/type1/publ
ic/lm/lmss10.pfb><C:/Program Files/MiKTeX 2.9/fonts/type1/public/lm/lmss12.pfb>
<C:/Program Files/MiKTeX 2.9/fonts/type1/public/lm/lmss17.pfb><C:/Program Files
/MiKTeX 2.9/fonts/type1/public/lm/lmss8.pfb><C:/Program Files/MiKTeX 2.9/fonts/
type1/public/lm/lmss9.pfb><C:/Program Files/MiKTeX 2.9/fonts/type1/public/lm/lm
ssbx10.pfb><C:/Program Files/MiKTeX 2.9/fonts/type1/public/lm/lmsso10.pfb><C:/P
rogram Files/MiKTeX 2.9/fonts/type1/public/lm/lmsso12.pfb><C:/Program Files/MiK
TeX 2.9/fonts/type1/public/lm/lmsso8.pfb><C:/Program Files/MiKTeX 2.9/fonts/typ
e1/public/lm/lmsso9.pfb><C:/Program Files/MiKTeX 2.9/fonts/type1/public/lm/lmsy
10.pfb><C:/Program Files/MiKTeX 2.9/fonts/type1/public/lm/lmsy8.pfb><C:/Program
 Files/MiKTeX 2.9/fonts/type1/public/lm/lmsy9.pfb>
Output written on GxInsurance_presentation.pdf (85 pages, 3094358 bytes).
PDF statistics:
 1718 PDF objects out of 1728 (max. 8388607)
 276 named destinations out of 1000 (max. 500000)
 412 words of extra memory for PDF output out of 10000 (max. 10000000)

