This is pdfTeX, Version 3.14159265-2.6-1.40.19 (MiKTeX 2.9.6800 64-bit) (preloaded format=pdflatex 2018.9.19)  11 MAR 2021 17:54
entering extended mode
**./GxInsurance.tex
(GxInsurance.tex
LaTeX2e <2018-04-01> patch level 5
("C:\Program Files\MiKTeX 2.9\tex\latex\base\article.cls"
Document Class: article 2014/09/29 v1.4h Standard LaTeX document class
("C:\Program Files\MiKTeX 2.9\tex\latex\base\size11.clo"
File: size11.clo 2014/09/29 v1.4h Standard LaTeX file (size option)
)
\c@part=\count80
\c@section=\count81
\c@subsection=\count82
\c@subsubsection=\count83
\c@paragraph=\count84
\c@subparagraph=\count85
\c@figure=\count86
\c@table=\count87
\abovecaptionskip=\skip41
\belowcaptionskip=\skip42
\bibindent=\dimen102
)
("C:\Program Files\MiKTeX 2.9\tex\latex\amsfonts\amssymb.sty"
Package: amssymb 2013/01/14 v3.01 AMS font symbols

("C:\Program Files\MiKTeX 2.9\tex\latex\amsfonts\amsfonts.sty"
Package: amsfonts 2013/01/14 v3.01 Basic AMSFonts support
\@emptytoks=\toks14
\symAMSa=\mathgroup4
\symAMSb=\mathgroup5
LaTeX Font Info:    Overwriting math alphabet `\mathfrak' in version `bold'
(Font)                  U/euf/m/n --> U/euf/b/n on input line 106.
))
("C:\Program Files\MiKTeX 2.9\tex\latex\amsmath\amsmath.sty"
Package: amsmath 2017/09/02 v2.17a AMS math features
\@mathmargin=\skip43

For additional information on amsmath, use the `?' option.
("C:\Program Files\MiKTeX 2.9\tex\latex\amsmath\amstext.sty"
Package: amstext 2000/06/29 v2.01 AMS text

("C:\Program Files\MiKTeX 2.9\tex\latex\amsmath\amsgen.sty"
File: amsgen.sty 1999/11/30 v2.0 generic functions
\@emptytoks=\toks15
\ex@=\dimen103
))
("C:\Program Files\MiKTeX 2.9\tex\latex\amsmath\amsbsy.sty"
Package: amsbsy 1999/11/29 v1.2d Bold Symbols
\pmbraise@=\dimen104
)
("C:\Program Files\MiKTeX 2.9\tex\latex\amsmath\amsopn.sty"
Package: amsopn 2016/03/08 v2.02 operator names
)
\inf@bad=\count88
LaTeX Info: Redefining \frac on input line 213.
\uproot@=\count89
\leftroot@=\count90
LaTeX Info: Redefining \overline on input line 375.
\classnum@=\count91
\DOTSCASE@=\count92
LaTeX Info: Redefining \ldots on input line 472.
LaTeX Info: Redefining \dots on input line 475.
LaTeX Info: Redefining \cdots on input line 596.
\Mathstrutbox@=\box26
\strutbox@=\box27
\big@size=\dimen105
LaTeX Font Info:    Redeclaring font encoding OML on input line 712.
LaTeX Font Info:    Redeclaring font encoding OMS on input line 713.
\macc@depth=\count93
\c@MaxMatrixCols=\count94
\dotsspace@=\muskip10
\c@parentequation=\count95
\dspbrk@lvl=\count96
\tag@help=\toks16
\row@=\count97
\column@=\count98
\maxfields@=\count99
\andhelp@=\toks17
\eqnshift@=\dimen106
\alignsep@=\dimen107
\tagshift@=\dimen108
\tagwidth@=\dimen109
\totwidth@=\dimen110
\lineht@=\dimen111
\@envbody=\toks18
\multlinegap=\skip44
\multlinetaggap=\skip45
\mathdisplay@stack=\toks19
LaTeX Info: Redefining \[ on input line 2817.
LaTeX Info: Redefining \] on input line 2818.
)
("C:\Program Files\MiKTeX 2.9\tex\latex\geometry\geometry.sty"
Package: geometry 2018/04/16 v5.8 Page Geometry

("C:\Program Files\MiKTeX 2.9\tex\latex\graphics\keyval.sty"
Package: keyval 2014/10/28 v1.15 key=value parser (DPC)
\KV@toks@=\toks20
)
("C:\Program Files\MiKTeX 2.9\tex\generic\oberdiek\ifpdf.sty"
Package: ifpdf 2017/03/15 v3.2 Provides the ifpdf switch
)
("C:\Program Files\MiKTeX 2.9\tex\generic\oberdiek\ifvtex.sty"
Package: ifvtex 2016/05/16 v1.6 Detect VTeX and its facilities (HO)
Package ifvtex Info: VTeX not detected.
)
("C:\Program Files\MiKTeX 2.9\tex\generic\ifxetex\ifxetex.sty"
Package: ifxetex 2010/09/12 v0.6 Provides ifxetex conditional
)
\Gm@cnth=\count100
\Gm@cntv=\count101
\c@Gm@tempcnt=\count102
\Gm@bindingoffset=\dimen112
\Gm@wd@mp=\dimen113
\Gm@odd@mp=\dimen114
\Gm@even@mp=\dimen115
\Gm@layoutwidth=\dimen116
\Gm@layoutheight=\dimen117
\Gm@layouthoffset=\dimen118
\Gm@layoutvoffset=\dimen119
\Gm@dimlist=\toks21

("C:\Program Files\MiKTeX 2.9\tex\latex\geometry\geometry.cfg"))
("C:\Program Files\MiKTeX 2.9\tex\latex\graphics\graphicx.sty"
Package: graphicx 2017/06/01 v1.1a Enhanced LaTeX Graphics (DPC,SPQR)

("C:\Program Files\MiKTeX 2.9\tex\latex\graphics\graphics.sty"
Package: graphics 2017/06/25 v1.2c Standard LaTeX Graphics (DPC,SPQR)

("C:\Program Files\MiKTeX 2.9\tex\latex\graphics\trig.sty"
Package: trig 2016/01/03 v1.10 sin cos tan (DPC)
)
("C:\Program Files\MiKTeX 2.9\tex\latex\graphics-cfg\graphics.cfg"
File: graphics.cfg 2016/06/04 v1.11 sample graphics configuration
)
Package graphics Info: Driver file: pdftex.def on input line 99.

("C:\Program Files\MiKTeX 2.9\tex\latex\graphics-def\pdftex.def"
File: pdftex.def 2018/01/08 v1.0l Graphics/color driver for pdftex
))
\Gin@req@height=\dimen120
\Gin@req@width=\dimen121
)
("C:\Program Files\MiKTeX 2.9\tex\latex\graphics\color.sty"
Package: color 2016/07/10 v1.1e Standard LaTeX Color (DPC)

("C:\Program Files\MiKTeX 2.9\tex\latex\graphics-cfg\color.cfg"
File: color.cfg 2016/01/02 v1.6 sample color configuration
)
Package color Info: Driver file: pdftex.def on input line 147.
)
("C:\Program Files\MiKTeX 2.9\tex\latex\footmisc\footmisc.sty"
Package: footmisc 2011/06/06 v5.5b a miscellany of footnote facilities
\FN@temptoken=\toks22
\footnotemargin=\dimen122
\c@pp@next@reset=\count103
Package footmisc Info: Declaring symbol style bringhurst on input line 855.
Package footmisc Info: Declaring symbol style chicago on input line 863.
Package footmisc Info: Declaring symbol style wiley on input line 872.
Package footmisc Info: Declaring symbol style lamport-robust on input line 883.

Package footmisc Info: Declaring symbol style lamport* on input line 903.
Package footmisc Info: Declaring symbol style lamport*-robust on input line 924
.
)
("C:\Program Files\MiKTeX 2.9\tex\latex\oberdiek\pdflscape.sty"
Package: pdflscape 2016/05/14 v0.11 Display of landscape pages in PDF (HO)

("C:\Program Files\MiKTeX 2.9\tex\latex\graphics\lscape.sty"
Package: lscape 2000/10/22 v3.01 Landscape Pages (DPC)
)
Package pdflscape Info: Auto-detected driver: pdftex on input line 81.
)
("C:\Program Files\MiKTeX 2.9\tex\latex\subfigure\subfigure.sty"
Package: subfigure 2002/07/30 v2.1.4 subfigure package
\subfigtopskip=\skip46
\subfigcapskip=\skip47
\subfigcaptopadj=\dimen123
\subfigbottomskip=\skip48
\subfigcapmargin=\dimen124
\subfiglabelskip=\skip49
\c@subfigure=\count104
\c@lofdepth=\count105
\c@subtable=\count106
\c@lotdepth=\count107

****************************************
* Local config file subfigure.cfg used *
****************************************
("C:\Program Files\MiKTeX 2.9\tex\latex\subfigure\subfigure.cfg")
\subfig@top=\skip50
\subfig@bottom=\skip51
)
("C:\Program Files\MiKTeX 2.9\tex\latex\tools\array.sty"
Package: array 2018/04/30 v2.4h Tabular extension package (FMi)
\col@sep=\dimen125
\ar@mcellbox=\box28
\extrarowheight=\dimen126
\NC@list=\toks23
\extratabsurround=\skip52
\backup@length=\skip53
\ar@cellbox=\box29
)
("C:\Program Files\MiKTeX 2.9\tex\latex\lm\lmodern.sty"
Package: lmodern 2009/10/30 v1.6 Latin Modern Fonts
LaTeX Font Info:    Overwriting symbol font `operators' in version `normal'
(Font)                  OT1/cmr/m/n --> OT1/lmr/m/n on input line 22.
LaTeX Font Info:    Overwriting symbol font `letters' in version `normal'
(Font)                  OML/cmm/m/it --> OML/lmm/m/it on input line 23.
LaTeX Font Info:    Overwriting symbol font `symbols' in version `normal'
(Font)                  OMS/cmsy/m/n --> OMS/lmsy/m/n on input line 24.
LaTeX Font Info:    Overwriting symbol font `largesymbols' in version `normal'
(Font)                  OMX/cmex/m/n --> OMX/lmex/m/n on input line 25.
LaTeX Font Info:    Overwriting symbol font `operators' in version `bold'
(Font)                  OT1/cmr/bx/n --> OT1/lmr/bx/n on input line 26.
LaTeX Font Info:    Overwriting symbol font `letters' in version `bold'
(Font)                  OML/cmm/b/it --> OML/lmm/b/it on input line 27.
LaTeX Font Info:    Overwriting symbol font `symbols' in version `bold'
(Font)                  OMS/cmsy/b/n --> OMS/lmsy/b/n on input line 28.
LaTeX Font Info:    Overwriting symbol font `largesymbols' in version `bold'
(Font)                  OMX/cmex/m/n --> OMX/lmex/m/n on input line 29.
LaTeX Font Info:    Overwriting math alphabet `\mathbf' in version `normal'
(Font)                  OT1/cmr/bx/n --> OT1/lmr/bx/n on input line 31.
LaTeX Font Info:    Overwriting math alphabet `\mathsf' in version `normal'
(Font)                  OT1/cmss/m/n --> OT1/lmss/m/n on input line 32.
LaTeX Font Info:    Overwriting math alphabet `\mathit' in version `normal'
(Font)                  OT1/cmr/m/it --> OT1/lmr/m/it on input line 33.
LaTeX Font Info:    Overwriting math alphabet `\mathtt' in version `normal'
(Font)                  OT1/cmtt/m/n --> OT1/lmtt/m/n on input line 34.
LaTeX Font Info:    Overwriting math alphabet `\mathbf' in version `bold'
(Font)                  OT1/cmr/bx/n --> OT1/lmr/bx/n on input line 35.
LaTeX Font Info:    Overwriting math alphabet `\mathsf' in version `bold'
(Font)                  OT1/cmss/bx/n --> OT1/lmss/bx/n on input line 36.
LaTeX Font Info:    Overwriting math alphabet `\mathit' in version `bold'
(Font)                  OT1/cmr/bx/it --> OT1/lmr/bx/it on input line 37.
LaTeX Font Info:    Overwriting math alphabet `\mathtt' in version `bold'
(Font)                  OT1/cmtt/m/n --> OT1/lmtt/m/n on input line 38.
)
("C:\Program Files\MiKTeX 2.9\tex\latex\mathtools\mathtools.sty"
Package: mathtools 2020/03/24 v1.24 mathematical typesetting tools

("C:\Program Files\MiKTeX 2.9\tex\latex\tools\calc.sty"
Package: calc 2017/05/25 v4.3 Infix arithmetic (KKT,FJ)
\calc@Acount=\count108
\calc@Bcount=\count109
\calc@Adimen=\dimen127
\calc@Bdimen=\dimen128
\calc@Askip=\skip54
\calc@Bskip=\skip55
LaTeX Info: Redefining \setlength on input line 80.
LaTeX Info: Redefining \addtolength on input line 81.
\calc@Ccount=\count110
\calc@Cskip=\skip56
)
("C:\Program Files\MiKTeX 2.9\tex\latex\mathtools\mhsetup.sty"
Package: mhsetup 2017/03/31 v1.3 programming setup (MH)
)
LaTeX Info: Thecontrolsequence`\('isalreadyrobust on input line 130.
LaTeX Info: Thecontrolsequence`\)'isalreadyrobust on input line 130.
LaTeX Info: Thecontrolsequence`\['isalreadyrobust on input line 130.
LaTeX Info: Thecontrolsequence`\]'isalreadyrobust on input line 130.
\g_MT_multlinerow_int=\count111
\l_MT_multwidth_dim=\dimen129
\origjot=\skip57
\l_MT_shortvdotswithinadjustabove_dim=\dimen130
\l_MT_shortvdotswithinadjustbelow_dim=\dimen131
\l_MT_above_intertext_sep=\dimen132
\l_MT_below_intertext_sep=\dimen133
\l_MT_above_shortintertext_sep=\dimen134
\l_MT_below_shortintertext_sep=\dimen135
\xmathstrut@box=\box30
\xmathstrut@dim=\dimen136
)
("C:\Program Files\MiKTeX 2.9\tex\latex\threeparttable\threeparttable.sty"
Package: threeparttable 2003/06/13  v 3.0
\@tempboxb=\box31
)
("C:\Program Files\MiKTeX 2.9\tex\latex\preprint\balance.sty"
Package: balance 1999/02/23 4.3 (PWD)
\oldvsize=\dimen137
)
("C:\Program Files\MiKTeX 2.9\tex\latex\multirow\multirow.sty"
Package: multirow 2018/08/03 v2.3 Span multiple rows of a table
\multirow@colwidth=\skip58
\multirow@cntb=\count112
\multirow@dima=\skip59
\bigstrutjot=\dimen138
)
("C:\Program Files\MiKTeX 2.9\tex\latex\tools\multicol.sty"
Package: multicol 2018/04/20 v1.8s multicolumn formatting (FMi)
\c@tracingmulticols=\count113
\mult@box=\box32
\multicol@leftmargin=\dimen139
\c@unbalance=\count114
\c@collectmore=\count115
\doublecol@number=\count116
\multicoltolerance=\count117
\multicolpretolerance=\count118
\full@width=\dimen140
\page@free=\dimen141
\premulticols=\dimen142
\postmulticols=\dimen143
\multicolsep=\skip60
\multicolbaselineskip=\skip61
\partial@page=\box33
\last@line=\box34
\maxbalancingoverflow=\dimen144
\mult@rightbox=\box35
\mult@grightbox=\box36
\mult@gfirstbox=\box37
\mult@firstbox=\box38
\@tempa=\box39
\@tempa=\box40
\@tempa=\box41
\@tempa=\box42
\@tempa=\box43
\@tempa=\box44
\@tempa=\box45
\@tempa=\box46
\@tempa=\box47
\@tempa=\box48
\@tempa=\box49
\@tempa=\box50
\@tempa=\box51
\@tempa=\box52
\@tempa=\box53
\@tempa=\box54
\@tempa=\box55
\c@columnbadness=\count119
\c@finalcolumnbadness=\count120
\last@try=\dimen145
\multicolovershoot=\dimen146
\multicolundershoot=\dimen147
\mult@nat@firstbox=\box56
\colbreak@box=\box57
\mc@col@check@num=\count121
)
("C:\Program Files\MiKTeX 2.9\tex\latex\appendix\appendix.sty"
Package: appendix 2009/09/02 v1.2b extra appendix facilities
\c@@pps=\count122
\c@@ppsavesec=\count123
\c@@ppsaveapp=\count124
)
("C:\Program Files\MiKTeX 2.9\tex\latex\graphics\rotating.sty"
Package: rotating 2016/08/11 v2.16d rotated objects in LaTeX

("C:\Program Files\MiKTeX 2.9\tex\latex\base\ifthen.sty"
Package: ifthen 2014/09/29 v1.1c Standard LaTeX ifthen package (DPC)
)
\c@r@tfl@t=\count125
\rotFPtop=\skip62
\rotFPbot=\skip63
\rot@float@box=\box58
\rot@mess@toks=\toks24
)
("C:\Program Files\MiKTeX 2.9\tex\latex\tools\tabularx.sty"
Package: tabularx 2016/02/03 v2.11b `tabularx' package (DPC)
\TX@col@width=\dimen148
\TX@old@table=\dimen149
\TX@old@col=\dimen150
\TX@target=\dimen151
\TX@delta=\dimen152
\TX@cols=\count126
\TX@ftn=\toks25
)
("C:\Program Files\MiKTeX 2.9\tex\latex\booktabs\booktabs.sty"
Package: booktabs 2005/04/14 v1.61803 publication quality tables
\heavyrulewidth=\dimen153
\lightrulewidth=\dimen154
\cmidrulewidth=\dimen155
\belowrulesep=\dimen156
\belowbottomsep=\dimen157
\aboverulesep=\dimen158
\abovetopsep=\dimen159
\cmidrulesep=\dimen160
\cmidrulekern=\dimen161
\defaultaddspace=\dimen162
\@cmidla=\count127
\@cmidlb=\count128
\@aboverulesep=\dimen163
\@belowrulesep=\dimen164
\@thisruleclass=\count129
\@lastruleclass=\count130
\@thisrulewidth=\dimen165
)
("C:\Program Files\MiKTeX 2.9\tex\latex\tools\dcolumn.sty"
Package: dcolumn 2014/10/28 v1.06 decimal alignment package (DPC)
)
("C:\Program Files\MiKTeX 2.9\tex\latex\todonotes\todonotes.sty"
Package: todonotes 2020/08/18 v1.1.3 Todonotes source and documentation.
Package: todonotes 2018/11/22

("C:\Program Files\MiKTeX 2.9\tex\latex\xkeyval\xkeyval.sty"
Package: xkeyval 2014/12/03 v2.7a package option processing (HA)

("C:\Program Files\MiKTeX 2.9\tex\generic\xkeyval\xkeyval.tex"
("C:\Program Files\MiKTeX 2.9\tex\generic\xkeyval\xkvutils.tex"
\XKV@toks=\toks26
\XKV@tempa@toks=\toks27
)
\XKV@depth=\count131
File: xkeyval.tex 2014/12/03 v2.7a key=value parser (HA)
))
("C:\Program Files\MiKTeX 2.9\tex\latex\xcolor\xcolor.sty"
Package: xcolor 2016/05/11 v2.12 LaTeX color extensions (UK)

("C:\Program Files\MiKTeX 2.9\tex\latex\graphics-cfg\color.cfg"
File: color.cfg 2016/01/02 v1.6 sample color configuration
)
Package xcolor Info: Driver file: pdftex.def on input line 225.
LaTeX Info: Redefining \color on input line 709.
Package xcolor Info: Model `cmy' substituted by `cmy0' on input line 1348.
Package xcolor Info: Model `hsb' substituted by `rgb' on input line 1352.
Package xcolor Info: Model `RGB' extended on input line 1364.
Package xcolor Info: Model `HTML' substituted by `rgb' on input line 1366.
Package xcolor Info: Model `Hsb' substituted by `hsb' on input line 1367.
Package xcolor Info: Model `tHsb' substituted by `hsb' on input line 1368.
Package xcolor Info: Model `HSB' substituted by `hsb' on input line 1369.
Package xcolor Info: Model `Gray' substituted by `gray' on input line 1370.
Package xcolor Info: Model `wave' substituted by `hsb' on input line 1371.
)
("C:\Program Files\MiKTeX 2.9\tex\latex\pgf\frontendlayer\tikz.sty"
("C:\Program Files\MiKTeX 2.9\tex\latex\pgf\basiclayer\pgf.sty"
("C:\Program Files\MiKTeX 2.9\tex\latex\pgf\utilities\pgfrcs.sty"
("C:\Program Files\MiKTeX 2.9\tex\generic\pgf\utilities\pgfutil-common.tex"
\pgfutil@everybye=\toks28
\pgfutil@tempdima=\dimen166
\pgfutil@tempdimb=\dimen167

("C:\Program Files\MiKTeX 2.9\tex\generic\pgf\utilities\pgfutil-common-lists.te
x")) ("C:\Program Files\MiKTeX 2.9\tex\generic\pgf\utilities\pgfutil-latex.def"
\pgfutil@abb=\box59
("C:\Program Files\MiKTeX 2.9\tex\latex\ms\everyshi.sty"
Package: everyshi 2001/05/15 v3.00 EveryShipout Package (MS)
))
("C:\Program Files\MiKTeX 2.9\tex\generic\pgf\utilities\pgfrcs.code.tex"
("C:\Program Files\MiKTeX 2.9\tex\generic\pgf\pgf.revision.tex")
Package: pgfrcs 2019/01/05 v3.1 (3.1)
))
Package: pgf 2019/01/05 v3.1 (3.1)

("C:\Program Files\MiKTeX 2.9\tex\latex\pgf\basiclayer\pgfcore.sty"
("C:\Program Files\MiKTeX 2.9\tex\latex\pgf\systemlayer\pgfsys.sty"
("C:\Program Files\MiKTeX 2.9\tex\generic\pgf\systemlayer\pgfsys.code.tex"
Package: pgfsys 2019/01/05 v3.1 (3.1)

("C:\Program Files\MiKTeX 2.9\tex\generic\pgf\utilities\pgfkeys.code.tex"
\pgfkeys@pathtoks=\toks29
\pgfkeys@temptoks=\toks30

("C:\Program Files\MiKTeX 2.9\tex\generic\pgf\utilities\pgfkeysfiltered.code.te
x"
\pgfkeys@tmptoks=\toks31
))
\pgf@x=\dimen168
\pgf@y=\dimen169
\pgf@xa=\dimen170
\pgf@ya=\dimen171
\pgf@xb=\dimen172
\pgf@yb=\dimen173
\pgf@xc=\dimen174
\pgf@yc=\dimen175
\w@pgf@writea=\write3
\r@pgf@reada=\read1
\c@pgf@counta=\count132
\c@pgf@countb=\count133
\c@pgf@countc=\count134
\c@pgf@countd=\count135
\t@pgf@toka=\toks32
\t@pgf@tokb=\toks33
\t@pgf@tokc=\toks34
\pgf@sys@id@count=\count136
 ("C:\Program Files\MiKTeX 2.9\tex\generic\pgf\systemlayer\pgf.cfg"
File: pgf.cfg 2019/01/05 v3.1 (3.1)
)
Driver file for pgf: pgfsys-pdftex.def

("C:\Program Files\MiKTeX 2.9\tex\generic\pgf\systemlayer\pgfsys-pdftex.def"
File: pgfsys-pdftex.def 2019/01/05 v3.1 (3.1)

("C:\Program Files\MiKTeX 2.9\tex\generic\pgf\systemlayer\pgfsys-common-pdf.def
"
File: pgfsys-common-pdf.def 2019/01/05 v3.1 (3.1)
)))
("C:\Program Files\MiKTeX 2.9\tex\generic\pgf\systemlayer\pgfsyssoftpath.code.t
ex"
File: pgfsyssoftpath.code.tex 2019/01/05 v3.1 (3.1)
\pgfsyssoftpath@smallbuffer@items=\count137
\pgfsyssoftpath@bigbuffer@items=\count138
)
("C:\Program Files\MiKTeX 2.9\tex\generic\pgf\systemlayer\pgfsysprotocol.code.t
ex"
File: pgfsysprotocol.code.tex 2019/01/05 v3.1 (3.1)
)) ("C:\Program Files\MiKTeX 2.9\tex\generic\pgf\basiclayer\pgfcore.code.tex"
Package: pgfcore 2019/01/05 v3.1 (3.1)
 ("C:\Program Files\MiKTeX 2.9\tex\generic\pgf\math\pgfmath.code.tex"
("C:\Program Files\MiKTeX 2.9\tex\generic\pgf\math\pgfmathcalc.code.tex"
("C:\Program Files\MiKTeX 2.9\tex\generic\pgf\math\pgfmathutil.code.tex")
("C:\Program Files\MiKTeX 2.9\tex\generic\pgf\math\pgfmathparser.code.tex"
\pgfmath@dimen=\dimen176
\pgfmath@count=\count139
\pgfmath@box=\box60
\pgfmath@toks=\toks35
\pgfmath@stack@operand=\toks36
\pgfmath@stack@operation=\toks37
)
("C:\Program Files\MiKTeX 2.9\tex\generic\pgf\math\pgfmathfunctions.code.tex"
("C:\Program Files\MiKTeX 2.9\tex\generic\pgf\math\pgfmathfunctions.basic.code.
tex")
("C:\Program Files\MiKTeX 2.9\tex\generic\pgf\math\pgfmathfunctions.trigonometr
ic.code.tex")
("C:\Program Files\MiKTeX 2.9\tex\generic\pgf\math\pgfmathfunctions.random.code
.tex")
("C:\Program Files\MiKTeX 2.9\tex\generic\pgf\math\pgfmathfunctions.comparison.
code.tex")
("C:\Program Files\MiKTeX 2.9\tex\generic\pgf\math\pgfmathfunctions.base.code.t
ex")
("C:\Program Files\MiKTeX 2.9\tex\generic\pgf\math\pgfmathfunctions.round.code.
tex")
("C:\Program Files\MiKTeX 2.9\tex\generic\pgf\math\pgfmathfunctions.misc.code.t
ex")
("C:\Program Files\MiKTeX 2.9\tex\generic\pgf\math\pgfmathfunctions.integerarit
hmetics.code.tex")))
("C:\Program Files\MiKTeX 2.9\tex\generic\pgf\math\pgfmathfloat.code.tex"
\c@pgfmathroundto@lastzeros=\count140
))
("C:\Program Files\MiKTeX 2.9\tex\generic\pgf\basiclayer\pgfcorepoints.code.tex
"
File: pgfcorepoints.code.tex 2019/01/05 v3.1 (3.1)
\pgf@picminx=\dimen177
\pgf@picmaxx=\dimen178
\pgf@picminy=\dimen179
\pgf@picmaxy=\dimen180
\pgf@pathminx=\dimen181
\pgf@pathmaxx=\dimen182
\pgf@pathminy=\dimen183
\pgf@pathmaxy=\dimen184
\pgf@xx=\dimen185
\pgf@xy=\dimen186
\pgf@yx=\dimen187
\pgf@yy=\dimen188
\pgf@zx=\dimen189
\pgf@zy=\dimen190
)
("C:\Program Files\MiKTeX 2.9\tex\generic\pgf\basiclayer\pgfcorepathconstruct.c
ode.tex"
File: pgfcorepathconstruct.code.tex 2019/01/05 v3.1 (3.1)
\pgf@path@lastx=\dimen191
\pgf@path@lasty=\dimen192
)
("C:\Program Files\MiKTeX 2.9\tex\generic\pgf\basiclayer\pgfcorepathusage.code.
tex"
File: pgfcorepathusage.code.tex 2019/01/05 v3.1 (3.1)
\pgf@shorten@end@additional=\dimen193
\pgf@shorten@start@additional=\dimen194
)
("C:\Program Files\MiKTeX 2.9\tex\generic\pgf\basiclayer\pgfcorescopes.code.tex
"
File: pgfcorescopes.code.tex 2019/01/05 v3.1 (3.1)
\pgfpic=\box61
\pgf@hbox=\box62
\pgf@layerbox@main=\box63
\pgf@picture@serial@count=\count141
)
("C:\Program Files\MiKTeX 2.9\tex\generic\pgf\basiclayer\pgfcoregraphicstate.co
de.tex"
File: pgfcoregraphicstate.code.tex 2019/01/05 v3.1 (3.1)
\pgflinewidth=\dimen195
)
("C:\Program Files\MiKTeX 2.9\tex\generic\pgf\basiclayer\pgfcoretransformations
.code.tex"
File: pgfcoretransformations.code.tex 2019/01/05 v3.1 (3.1)
\pgf@pt@x=\dimen196
\pgf@pt@y=\dimen197
\pgf@pt@temp=\dimen198
)
("C:\Program Files\MiKTeX 2.9\tex\generic\pgf\basiclayer\pgfcorequick.code.tex"
File: pgfcorequick.code.tex 2019/01/05 v3.1 (3.1)
)
("C:\Program Files\MiKTeX 2.9\tex\generic\pgf\basiclayer\pgfcoreobjects.code.te
x"
File: pgfcoreobjects.code.tex 2019/01/05 v3.1 (3.1)
)
("C:\Program Files\MiKTeX 2.9\tex\generic\pgf\basiclayer\pgfcorepathprocessing.
code.tex"
File: pgfcorepathprocessing.code.tex 2019/01/05 v3.1 (3.1)
)
("C:\Program Files\MiKTeX 2.9\tex\generic\pgf\basiclayer\pgfcorearrows.code.tex
"
File: pgfcorearrows.code.tex 2019/01/05 v3.1 (3.1)
\pgfarrowsep=\dimen199
)
("C:\Program Files\MiKTeX 2.9\tex\generic\pgf\basiclayer\pgfcoreshade.code.tex"
File: pgfcoreshade.code.tex 2019/01/05 v3.1 (3.1)
\pgf@max=\dimen256
\pgf@sys@shading@range@num=\count142
) ("C:\Program Files\MiKTeX 2.9\tex\generic\pgf\basiclayer\pgfcoreimage.code.te
x"
File: pgfcoreimage.code.tex 2019/01/05 v3.1 (3.1)

("C:\Program Files\MiKTeX 2.9\tex\generic\pgf\basiclayer\pgfcoreexternal.code.t
ex"
File: pgfcoreexternal.code.tex 2019/01/05 v3.1 (3.1)
\pgfexternal@startupbox=\box64
))
("C:\Program Files\MiKTeX 2.9\tex\generic\pgf\basiclayer\pgfcorelayers.code.tex
"
File: pgfcorelayers.code.tex 2019/01/05 v3.1 (3.1)
)
("C:\Program Files\MiKTeX 2.9\tex\generic\pgf\basiclayer\pgfcoretransparency.co
de.tex"
File: pgfcoretransparency.code.tex 2019/01/05 v3.1 (3.1)
)
("C:\Program Files\MiKTeX 2.9\tex\generic\pgf\basiclayer\pgfcorepatterns.code.t
ex"
File: pgfcorepatterns.code.tex 2019/01/05 v3.1 (3.1)
)
("C:\Program Files\MiKTeX 2.9\tex\generic\pgf\basiclayer\pgfcorerdf.code.tex"
File: pgfcorerdf.code.tex 2019/01/05 v3.1 (3.1)
))) ("C:\Program Files\MiKTeX 2.9\tex\generic\pgf\modules\pgfmoduleshapes.code.
tex"
File: pgfmoduleshapes.code.tex 2019/01/05 v3.1 (3.1)
\pgfnodeparttextbox=\box65
) ("C:\Program Files\MiKTeX 2.9\tex\generic\pgf\modules\pgfmoduleplot.code.tex"
File: pgfmoduleplot.code.tex 2019/01/05 v3.1 (3.1)
)
("C:\Program Files\MiKTeX 2.9\tex\latex\pgf\compatibility\pgfcomp-version-0-65.
sty"
Package: pgfcomp-version-0-65 2019/01/05 v3.1 (3.1)
\pgf@nodesepstart=\dimen257
\pgf@nodesepend=\dimen258
)
("C:\Program Files\MiKTeX 2.9\tex\latex\pgf\compatibility\pgfcomp-version-1-18.
sty"
Package: pgfcomp-version-1-18 2019/01/05 v3.1 (3.1)
)) ("C:\Program Files\MiKTeX 2.9\tex\latex\pgf\utilities\pgffor.sty"
("C:\Program Files\MiKTeX 2.9\tex\latex\pgf\utilities\pgfkeys.sty"
("C:\Program Files\MiKTeX 2.9\tex\generic\pgf\utilities\pgfkeys.code.tex"))
("C:\Program Files\MiKTeX 2.9\tex\latex\pgf\math\pgfmath.sty"
("C:\Program Files\MiKTeX 2.9\tex\generic\pgf\math\pgfmath.code.tex"))
("C:\Program Files\MiKTeX 2.9\tex\generic\pgf\utilities\pgffor.code.tex"
Package: pgffor 2019/01/05 v3.1 (3.1)

("C:\Program Files\MiKTeX 2.9\tex\generic\pgf\math\pgfmath.code.tex")
\pgffor@iter=\dimen259
\pgffor@skip=\dimen260
\pgffor@stack=\toks38
\pgffor@toks=\toks39
))
("C:\Program Files\MiKTeX 2.9\tex\generic\pgf\frontendlayer\tikz\tikz.code.tex"
Package: tikz 2019/01/05 v3.1 (3.1)

("C:\Program Files\MiKTeX 2.9\tex\generic\pgf\libraries\pgflibraryplothandlers.
code.tex"
File: pgflibraryplothandlers.code.tex 2019/01/05 v3.1 (3.1)
\pgf@plot@mark@count=\count143
\pgfplotmarksize=\dimen261
)
\tikz@lastx=\dimen262
\tikz@lasty=\dimen263
\tikz@lastxsaved=\dimen264
\tikz@lastysaved=\dimen265
\tikzleveldistance=\dimen266
\tikzsiblingdistance=\dimen267
\tikz@figbox=\box66
\tikz@figbox@bg=\box67
\tikz@tempbox=\box68
\tikz@tempbox@bg=\box69
\tikztreelevel=\count144
\tikznumberofchildren=\count145
\tikznumberofcurrentchild=\count146
\tikz@fig@count=\count147

("C:\Program Files\MiKTeX 2.9\tex\generic\pgf\modules\pgfmodulematrix.code.tex"
File: pgfmodulematrix.code.tex 2019/01/05 v3.1 (3.1)
\pgfmatrixcurrentrow=\count148
\pgfmatrixcurrentcolumn=\count149
\pgf@matrix@numberofcolumns=\count150
)
\tikz@expandcount=\count151

("C:\Program Files\MiKTeX 2.9\tex\generic\pgf\frontendlayer\tikz\libraries\tikz
librarytopaths.code.tex"
File: tikzlibrarytopaths.code.tex 2019/01/05 v3.1 (3.1)
)))
("C:\Program Files\MiKTeX 2.9\tex\generic\pgf\frontendlayer\tikz\libraries\tikz
librarypositioning.code.tex"
File: tikzlibrarypositioning.code.tex 2019/01/05 v3.1 (3.1)
)
("C:\Program Files\MiKTeX 2.9\tex\generic\pgf\frontendlayer\tikz\libraries\tikz
libraryshadows.code.tex"
File: tikzlibraryshadows.code.tex 2019/01/05 v3.1 (3.1)

("C:\Program Files\MiKTeX 2.9\tex\generic\pgf\frontendlayer\tikz\libraries\tikz
libraryfadings.code.tex"
File: tikzlibraryfadings.code.tex 2019/01/05 v3.1 (3.1)

("C:\Program Files\MiKTeX 2.9\tex\generic\pgf\libraries\pgflibraryfadings.code.
tex"
File: pgflibraryfadings.code.tex 2019/01/05 v3.1 (3.1)
)))
\c@@todonotes@numberoftodonotes=\count152
) ("C:\Program Files\MiKTeX 2.9\tex\latex\caption\caption.sty"
Package: caption 2018/10/06 v3.3-154 Customizing captions (AR)

("C:\Program Files\MiKTeX 2.9\tex\latex\caption\caption3.sty"
Package: caption3 2018/09/12 v1.8c caption3 kernel (AR)
Package caption3 Info: TeX engine: e-TeX on input line 64.
\captionmargin=\dimen268
\captionmargin@=\dimen269
\captionwidth=\dimen270
\caption@tempdima=\dimen271
\caption@indent=\dimen272
\caption@parindent=\dimen273
\caption@hangindent=\dimen274
)
\c@caption@flags=\count153
\c@ContinuedFloat=\count154
Package caption Info: rotating package is loaded.
Package caption Info: subfigure package is loaded.
Package caption Info: threeparttable package is loaded.
)
\c@result=\count155
\c@lemma=\count156
\c@proposition=\count157

("C:\Program Files\MiKTeX 2.9\tex\latex\natbib\natbib.sty"
Package: natbib 2010/09/13 8.31b (PWD, AO)
\bibhang=\skip64
\bibsep=\skip65
LaTeX Info: Redefining \cite on input line 694.
\c@NAT@ctr=\count158
)
("C:\Program Files\MiKTeX 2.9\tex\latex\setspace\setspace.sty"
Package: setspace 2011/12/19 v6.7a set line spacing
)
("C:\Program Files\MiKTeX 2.9\tex\latex\floatrow\floatrow.sty"
Package: floatrow 2008/08/02 v0.3b floatrow: float package extension
\c@float@type=\count159
\float@exts=\toks40
\float@box=\box70
\@floatcapt=\box71
Package floatrow Info: Modified float package code loaded on input line 455.
Package floatrow Info: Modified rotfloat package code loaded on input line 473.

\FR@everyfloat=\toks41
\flrow@foot=\insert252
\FB@wd=\dimen275
\FBo@wd=\dimen276
\FBc@wd=\dimen277
\FBo@ht=\skip66
\FBc@ht=\skip67
\FBf@ht=\skip68
\FBo@max=\skip69
\FBc@max=\skip70
\FBf@max=\skip71
\c@FBl@b=\count160
\floatbox@depth=\count161
\c@FRobj=\count162
\c@FRsobj=\count163
\Xhsize=\skip72
\sXhsize=\skip73
\Zhsize=\skip74
\sZhsize=\skip75
\flrow@rowbox=\box72
\FR@Zunitlength=\dimen278
\c@FBcnt=\count164
\FPOScnt=\count165
\LTleft=\skip76
\LTright=\skip77
\LTleft=\skip78
\LTright=\skip79
\flrow@types=\toks42
)
("C:\Program Files\MiKTeX 2.9\tex\latex\adjustbox\adjustbox.sty"
Package: adjustbox 2018/04/08 v1.1 Adjusting TeX boxes (trim, clip, ...)

("C:\Program Files\MiKTeX 2.9\tex\latex\adjustbox\adjcalc.sty"
Package: adjcalc 2012/05/16 v1.1 Provides advanced setlength with multiple back
-ends (calc, etex, pgfmath)
)
("C:\Program Files\MiKTeX 2.9\tex\latex\adjustbox\trimclip.sty"
Package: trimclip 2018/04/08 v1.1 Trim and clip general TeX material

("C:\Program Files\MiKTeX 2.9\tex\latex\collectbox\collectbox.sty"
Package: collectbox 2012/05/17 v0.4b Collect macro arguments as boxes
\collectedbox=\box73
)
\tc@llx=\dimen279
\tc@lly=\dimen280
\tc@urx=\dimen281
\tc@ury=\dimen282
Package trimclip Info: Using driver 'tc-pdftex.def'.

("C:\Program Files\MiKTeX 2.9\tex\latex\adjustbox\tc-pdftex.def"
File: tc-pdftex.def 2018/04/08 v2.1 Clipping driver for pdftex
))
\adjbox@Width=\dimen283
\adjbox@Height=\dimen284
\adjbox@Depth=\dimen285
\adjbox@Totalheight=\dimen286
\adjbox@pwidth=\dimen287
\adjbox@pheight=\dimen288
\adjbox@pdepth=\dimen289
\adjbox@ptotalheight=\dimen290

("C:\Program Files\MiKTeX 2.9\tex\latex\ifoddpage\ifoddpage.sty"
Package: ifoddpage 2016/04/23 v1.1 Conditionals for odd/even page detection
\c@checkoddpage=\count166
)
("C:\Program Files\MiKTeX 2.9\tex\latex\varwidth\varwidth.sty"
Package: varwidth 2009/03/30 ver 0.92;  Variable-width minipages
\@vwid@box=\box74
\sift@deathcycles=\count167
\@vwid@loff=\dimen291
\@vwid@roff=\dimen292
))
("C:\Program Files\MiKTeX 2.9\tex\latex\hyperref\hyperref.sty"
Package: hyperref 2018/02/06 v6.86b Hypertext links for LaTeX

("C:\Program Files\MiKTeX 2.9\tex\generic\oberdiek\hobsub-hyperref.sty"
Package: hobsub-hyperref 2016/05/16 v1.14 Bundle oberdiek, subset hyperref (HO)


("C:\Program Files\MiKTeX 2.9\tex\generic\oberdiek\hobsub-generic.sty"
Package: hobsub-generic 2016/05/16 v1.14 Bundle oberdiek, subset generic (HO)
Package: hobsub 2016/05/16 v1.14 Construct package bundles (HO)
Package: infwarerr 2016/05/16 v1.4 Providing info/warning/error messages (HO)
Package: ltxcmds 2016/05/16 v1.23 LaTeX kernel commands for general use (HO)
Package: ifluatex 2016/05/16 v1.4 Provides the ifluatex switch (HO)
Package ifluatex Info: LuaTeX not detected.
Package hobsub Info: Skipping package `ifvtex' (already loaded).
Package: intcalc 2016/05/16 v1.2 Expandable calculations with integers (HO)
Package hobsub Info: Skipping package `ifpdf' (already loaded).
Package: etexcmds 2016/05/16 v1.6 Avoid name clashes with e-TeX commands (HO)
Package etexcmds Info: Could not find \expanded.
(etexcmds)             That can mean that you are not using pdfTeX 1.50 or
(etexcmds)             that some package has redefined \expanded.
(etexcmds)             In the latter case, load this package earlier.
Package: kvsetkeys 2016/05/16 v1.17 Key value parser (HO)
Package: kvdefinekeys 2016/05/16 v1.4 Define keys (HO)
Package: pdftexcmds 2018/01/30 v0.27 Utility functions of pdfTeX for LuaTeX (HO
)
Package pdftexcmds Info: LuaTeX not detected.
Package pdftexcmds Info: \pdf@primitive is available.
Package pdftexcmds Info: \pdf@ifprimitive is available.
Package pdftexcmds Info: \pdfdraftmode found.
Package: pdfescape 2016/05/16 v1.14 Implements pdfTeX's escape features (HO)
Package: bigintcalc 2016/05/16 v1.4 Expandable calculations on big integers (HO
)
Package: bitset 2016/05/16 v1.2 Handle bit-vector datatype (HO)
Package: uniquecounter 2016/05/16 v1.3 Provide unlimited unique counter (HO)
)
Package hobsub Info: Skipping package `hobsub' (already loaded).
Package: letltxmacro 2016/05/16 v1.5 Let assignment for LaTeX macros (HO)
Package: hopatch 2016/05/16 v1.3 Wrapper for package hooks (HO)
Package: xcolor-patch 2016/05/16 xcolor patch
Package: atveryend 2016/05/16 v1.9 Hooks at the very end of document (HO)
Package atveryend Info: \enddocument detected (standard20110627).
Package: atbegshi 2016/06/09 v1.18 At begin shipout hook (HO)
Package: refcount 2016/05/16 v3.5 Data extraction from label references (HO)
Package: hycolor 2016/05/16 v1.8 Color options for hyperref/bookmark (HO)
)
("C:\Program Files\MiKTeX 2.9\tex\latex\oberdiek\auxhook.sty"
Package: auxhook 2016/05/16 v1.4 Hooks for auxiliary files (HO)
)
("C:\Program Files\MiKTeX 2.9\tex\latex\oberdiek\kvoptions.sty"
Package: kvoptions 2016/05/16 v3.12 Key value format for package options (HO)
)
\@linkdim=\dimen293
\Hy@linkcounter=\count168
\Hy@pagecounter=\count169

("C:\Program Files\MiKTeX 2.9\tex\latex\hyperref\pd1enc.def"
File: pd1enc.def 2018/02/06 v6.86b Hyperref: PDFDocEncoding definition (HO)
Now handling font encoding PD1 ...
... no UTF-8 mapping file for font encoding PD1
)
\Hy@SavedSpaceFactor=\count170

("C:\Program Files\MiKTeX 2.9\tex\latex\00miktex\hyperref.cfg"
File: hyperref.cfg 2002/06/06 v1.2 hyperref configuration of TeXLive
)
Package hyperref Info: Option `colorlinks' set `true' on input line 4383.
Package hyperref Info: Hyper figures OFF on input line 4509.
Package hyperref Info: Link nesting OFF on input line 4514.
Package hyperref Info: Hyper index ON on input line 4517.
Package hyperref Info: Plain pages OFF on input line 4524.
Package hyperref Info: Backreferencing OFF on input line 4529.
Package hyperref Info: Implicit mode ON; LaTeX internals redefined.
Package hyperref Info: Bookmarks ON on input line 4762.
\c@Hy@tempcnt=\count171

("C:\Program Files\MiKTeX 2.9\tex\latex\url\url.sty"
\Urlmuskip=\muskip11
Package: url 2013/09/16  ver 3.4  Verb mode for urls, etc.
)
LaTeX Info: Redefining \url on input line 5115.
\XeTeXLinkMargin=\dimen294
\Fld@menulength=\count172
\Field@Width=\dimen295
\Fld@charsize=\dimen296
Package hyperref Info: Hyper figures OFF on input line 6369.
Package hyperref Info: Link nesting OFF on input line 6374.
Package hyperref Info: Hyper index ON on input line 6377.
Package hyperref Info: backreferencing OFF on input line 6384.
Package hyperref Info: Link coloring ON on input line 6387.
Package hyperref Info: Link coloring with OCG OFF on input line 6394.
Package hyperref Info: PDF/A mode OFF on input line 6399.
LaTeX Info: Redefining \ref on input line 6439.
LaTeX Info: Redefining \pageref on input line 6443.
\Hy@abspage=\count173
\c@Item=\count174
\c@Hfootnote=\count175
)
Package hyperref Info: Driver (autodetected): hpdftex.

("C:\Program Files\MiKTeX 2.9\tex\latex\hyperref\hpdftex.def"
File: hpdftex.def 2018/02/06 v6.86b Hyperref driver for pdfTeX
\Fld@listcount=\count176
\c@bookmark@seq@number=\count177

("C:\Program Files\MiKTeX 2.9\tex\latex\oberdiek\rerunfilecheck.sty"
Package: rerunfilecheck 2016/05/16 v1.8 Rerun checks for auxiliary files (HO)
Package uniquecounter Info: New unique counter `rerunfilecheck' on input line 2
82.
)
\Hy@SectionHShift=\skip80
)
(GxInsurance.aux)
\openout1 = `GxInsurance.aux'.

LaTeX Font Info:    Checking defaults for OML/cmm/m/it on input line 57.
LaTeX Font Info:    ... okay on input line 57.
LaTeX Font Info:    Checking defaults for T1/cmr/m/n on input line 57.
LaTeX Font Info:    ... okay on input line 57.
LaTeX Font Info:    Checking defaults for OT1/cmr/m/n on input line 57.
LaTeX Font Info:    ... okay on input line 57.
LaTeX Font Info:    Checking defaults for OMS/cmsy/m/n on input line 57.
LaTeX Font Info:    ... okay on input line 57.
LaTeX Font Info:    Checking defaults for OMX/cmex/m/n on input line 57.
LaTeX Font Info:    ... okay on input line 57.
LaTeX Font Info:    Checking defaults for U/cmr/m/n on input line 57.
LaTeX Font Info:    ... okay on input line 57.
LaTeX Font Info:    Checking defaults for PD1/pdf/m/n on input line 57.
LaTeX Font Info:    ... okay on input line 57.
LaTeX Font Info:    Try loading font information for OT1+lmr on input line 57.
 ("C:\Program Files\MiKTeX 2.9\tex\latex\lm\ot1lmr.fd"
File: ot1lmr.fd 2009/10/30 v1.6 Font defs for Latin Modern
)
*geometry* driver: auto-detecting
*geometry* detected driver: pdftex
*geometry* verbose mode - [ preamble ] result:
* driver: pdftex
* paper: <default>
* layout: <same size as paper>
* layoutoffset:(h,v)=(0.0pt,0.0pt)
* modes: 
* h-part:(L,W,R)=(72.26999pt, 469.75502pt, 72.26999pt)
* v-part:(T,H,B)=(72.26999pt, 650.43001pt, 72.26999pt)
* \paperwidth=614.295pt
* \paperheight=794.96999pt
* \textwidth=469.75502pt
* \textheight=650.43001pt
* \oddsidemargin=0.0pt
* \evensidemargin=0.0pt
* \topmargin=-37.0pt
* \headheight=12.0pt
* \headsep=25.0pt
* \topskip=11.0pt
* \footskip=30.0pt
* \marginparwidth=59.0pt
* \marginparsep=10.0pt
* \columnsep=10.0pt
* \skip\footins=10.0pt plus 4.0pt minus 2.0pt
* \hoffset=0.0pt
* \voffset=0.0pt
* \mag=1000
* \@twocolumnfalse
* \@twosidefalse
* \@mparswitchfalse
* \@reversemarginfalse
* (1in=72.27pt=25.4mm, 1cm=28.453pt)

("C:\Program Files\MiKTeX 2.9\tex\context\base\supp-pdf.mkii"
[Loading MPS to PDF converter (version 2006.09.02).]
\scratchcounter=\count178
\scratchdimen=\dimen297
\scratchbox=\box75
\nofMPsegments=\count179
\nofMParguments=\count180
\everyMPshowfont=\toks43
\MPscratchCnt=\count181
\MPscratchDim=\dimen298
\MPnumerator=\count182
\makeMPintoPDFobject=\count183
\everyMPtoPDFconversion=\toks44
) ("C:\Program Files\MiKTeX 2.9\tex\latex\oberdiek\epstopdf-base.sty"
Package: epstopdf-base 2016/05/15 v2.6 Base part for package epstopdf

("C:\Program Files\MiKTeX 2.9\tex\latex\oberdiek\grfext.sty"
Package: grfext 2016/05/16 v1.2 Manage graphics extensions (HO)
)
Package epstopdf-base Info: Redefining graphics rule for `.eps' on input line 4
38.
Package grfext Info: Graphics extension search list:
(grfext)             [.pdf,.png,.jpg,.mps,.jpeg,.jbig2,.jb2,.PDF,.PNG,.JPG,.JPE
G,.JBIG2,.JB2,.eps]
(grfext)             \AppendGraphicsExtensions on input line 456.
)
ABD: EveryShipout initializing macros
Package caption Info: Begin \AtBeginDocument code.
Package caption Info: float package is loaded.
Package caption Info: floatrow package is loaded.
Package caption Info: hyperref package is loaded.
Package caption Info: End \AtBeginDocument code.
\AtBeginShipoutBox=\box76
Package hyperref Info: Link coloring ON on input line 57.

("C:\Program Files\MiKTeX 2.9\tex\latex\hyperref\nameref.sty"
Package: nameref 2016/05/21 v2.44 Cross-referencing by name of section

("C:\Program Files\MiKTeX 2.9\tex\generic\oberdiek\gettitlestring.sty"
Package: gettitlestring 2016/05/16 v1.5 Cleanup title references (HO)
)
\c@section@level=\count184
)
LaTeX Info: Redefining \ref on input line 57.
LaTeX Info: Redefining \pageref on input line 57.
LaTeX Info: Redefining \nameref on input line 57.

(GxInsurance.out) (GxInsurance.out)
\@outlinefile=\write4
\openout4 = `GxInsurance.out'.

LaTeX Font Info:    Try loading font information for OML+lmm on input line 102.


("C:\Program Files\MiKTeX 2.9\tex\latex\lm\omllmm.fd"
File: omllmm.fd 2009/10/30 v1.6 Font defs for Latin Modern
)
LaTeX Font Info:    Try loading font information for OMS+lmsy on input line 102
.

("C:\Program Files\MiKTeX 2.9\tex\latex\lm\omslmsy.fd"
File: omslmsy.fd 2009/10/30 v1.6 Font defs for Latin Modern
)
LaTeX Font Info:    Try loading font information for OMX+lmex on input line 102
.

("C:\Program Files\MiKTeX 2.9\tex\latex\lm\omxlmex.fd"
File: omxlmex.fd 2009/10/30 v1.6 Font defs for Latin Modern
)
LaTeX Font Info:    External font `lmex10' loaded for size
(Font)              <12> on input line 102.
LaTeX Font Info:    External font `lmex10' loaded for size
(Font)              <8> on input line 102.
LaTeX Font Info:    External font `lmex10' loaded for size
(Font)              <6> on input line 102.
LaTeX Font Info:    Try loading font information for U+msa on input line 102.

("C:\Program Files\MiKTeX 2.9\tex\latex\amsfonts\umsa.fd"
File: umsa.fd 2013/01/14 v3.01 AMS symbols A
)
LaTeX Font Info:    Try loading font information for U+msb on input line 102.

("C:\Program Files\MiKTeX 2.9\tex\latex\amsfonts\umsb.fd"
File: umsb.fd 2013/01/14 v3.01 AMS symbols B
)
LaTeX Font Info:    Try loading font information for OMS+lmr on input line 102.


("C:\Program Files\MiKTeX 2.9\tex\latex\lm\omslmr.fd"
File: omslmr.fd 2009/10/30 v1.6 Font defs for Latin Modern
)
LaTeX Font Info:    Font shape `OMS/lmr/m/n' in size <8> not available
(Font)              Font shape `OMS/lmsy/m/n' tried instead on input line 102.
LaTeX Font Info:    External font `lmex10' loaded for size
(Font)              <9> on input line 102.
LaTeX Font Info:    External font `lmex10' loaded for size
(Font)              <5> on input line 102.
LaTeX Font Info:    Font shape `OMS/lmr/m/n' in size <6> not available
(Font)              Font shape `OMS/lmsy/m/n' tried instead on input line 102.
 [1

{C:/Users/parce/AppData/Local/MiKTeX/2.9/pdftex/config/pdftex.map}] [2] [3]
LaTeX Font Info:    External font `lmex10' loaded for size
(Font)              <10> on input line 200.
LaTeX Font Info:    External font `lmex10' loaded for size
(Font)              <7> on input line 200.
 [4]
LaTeX Font Info:    External font `lmex10' loaded for size
(Font)              <10.95> on input line 230.
 [5]
LaTeX Font Info:    Try loading font information for OT1+lmss on input line 241
.

("C:\Program Files\MiKTeX 2.9\tex\latex\lm\ot1lmss.fd"
File: ot1lmss.fd 2009/10/30 v1.6 Font defs for Latin Modern
)
<../3_output/make_histograms/pgs_density_6070_smoken_smooth.png, id=507, 650.43
pt x 433.62pt>
File: ../3_output/make_histograms/pgs_density_6070_smoken_smooth.png Graphic fi
le (type png)
<use ../3_output/make_histograms/pgs_density_6070_smoken_smooth.png>
Package pdftex.def Info: ../3_output/make_histograms/pgs_density_6070_smoken_sm
ooth.png  used on input line 243.
(pdftex.def)             Requested size: 328.82707pt x 219.22449pt.
<../3_output/over_time/graph_6070cvplot_agebypgs.png, id=525, 650.43pt x 433.62
pt>
File: ../3_output/over_time/graph_6070cvplot_agebypgs.png Graphic file (type pn
g)
<use ../3_output/over_time/graph_6070cvplot_agebypgs.png>
Package pdftex.def Info: ../3_output/over_time/graph_6070cvplot_agebypgs.png  u
sed on input line 269.
(pdftex.def)             Requested size: 328.82707pt x 219.22449pt.
 [6 <../3_output/make_histograms/pgs_density_6070_smoken_smooth.png>]
<../3_output/over_time/graph_6070uninsuredrdd_agebypgs.png, id=543, 650.43pt x 
433.62pt>
File: ../3_output/over_time/graph_6070uninsuredrdd_agebypgs.png Graphic file (t
ype png)
<use ../3_output/over_time/graph_6070uninsuredrdd_agebypgs.png>
Package pdftex.def Info: ../3_output/over_time/graph_6070uninsuredrdd_agebypgs.
png  used on input line 300.
(pdftex.def)             Requested size: 187.89914pt x 125.26357pt.
<../3_output/over_time/graph_6070govmrrdd_agebypgs.png, id=544, 650.43pt x 433.
62pt>
File: ../3_output/over_time/graph_6070govmrrdd_agebypgs.png Graphic file (type 
png)
<use ../3_output/over_time/graph_6070govmrrdd_agebypgs.png>
Package pdftex.def Info: ../3_output/over_time/graph_6070govmrrdd_agebypgs.png 
 used on input line 304.
(pdftex.def)             Requested size: 187.89914pt x 125.26357pt.
<../3_output/over_time/graph_6070smokenplot_agebypgs.png, id=546, 650.43pt x 43
3.62pt>
File: ../3_output/over_time/graph_6070smokenplot_agebypgs.png Graphic file (typ
e png)
<use ../3_output/over_time/graph_6070smokenplot_agebypgs.png>
Package pdftex.def Info: ../3_output/over_time/graph_6070smokenplot_agebypgs.pn
g  used on input line 325.
(pdftex.def)             Requested size: 328.82707pt x 219.22449pt.
 [7 <../3_output/over_time/graph_6070cvplot_agebypgs.png>] [8 <../3_output/over
_time/graph_6070uninsuredrdd_agebypgs.png> <../3_output/over_time/graph_6070gov
mrrdd_agebypgs.png> <../3_output/over_time/graph_6070smokenplot_agebypgs.png>]
(../3_output/descriptive/descriptive_full.tex)
LaTeX Font Info:    Font shape `OT1/lmss/m/it' in size <9> not available
(Font)              Font shape `OT1/lmss/m/sl' tried instead on input line 362.

 [9] [10] [11]
<../3_output/shock_effects/main_6070_100_cvplot.png, id=617, 505.89pt x 505.89p
t>
File: ../3_output/shock_effects/main_6070_100_cvplot.png Graphic file (type png
)
<use ../3_output/shock_effects/main_6070_100_cvplot.png>
Package pdftex.def Info: ../3_output/shock_effects/main_6070_100_cvplot.png  us
ed on input line 457.
(pdftex.def)             Requested size: 375.80544pt x 375.81166pt.

(../3_output/OLSresults/main_results.tex)
LaTeX Font Info:    Font shape `OT1/lmss/m/it' in size <10.95> not available
(Font)              Font shape `OT1/lmss/m/sl' tried instead on input line 491.

 [12] [13 <../3_output/shock_effects/main_6070_100_cvplot.png>]
(../3_output/OLSresults/reg_results_multi_checkmarks.tex)

LaTeX Warning: Float too large for page by 48.42143pt on input line 538.

[14]
<../3_output/over_time/graph_6070retiredrdd_agebypgs.png, id=682, 650.43pt x 43
3.62pt>
File: ../3_output/over_time/graph_6070retiredrdd_agebypgs.png Graphic file (typ
e png)
<use ../3_output/over_time/graph_6070retiredrdd_agebypgs.png>
Package pdftex.def Info: ../3_output/over_time/graph_6070retiredrdd_agebypgs.pn
g  used on input line 570.
(pdftex.def)             Requested size: 140.92793pt x 93.94768pt.
<../3_output/over_time/graph_6070iearnrdd_agebypgs.png, id=683, 650.43pt x 433.
62pt>
File: ../3_output/over_time/graph_6070iearnrdd_agebypgs.png Graphic file (type 
png)
<use ../3_output/over_time/graph_6070iearnrdd_agebypgs.png>
Package pdftex.def Info: ../3_output/over_time/graph_6070iearnrdd_agebypgs.png 
 used on input line 574.
(pdftex.def)             Requested size: 140.92793pt x 93.94768pt.
<../3_output/over_time/graph_6070hitot_no_outlierrdd_agebypgs.png, id=684, 650.
43pt x 433.62pt>
File: ../3_output/over_time/graph_6070hitot_no_outlierrdd_agebypgs.png Graphic 
file (type png)
<use ../3_output/over_time/graph_6070hitot_no_outlierrdd_agebypgs.png>
Package pdftex.def Info: ../3_output/over_time/graph_6070hitot_no_outlierrdd_ag
ebypgs.png  used on input line 578.
(pdftex.def)             Requested size: 140.92793pt x 93.94768pt.
 [15]
<../3_output/shock_effects/edu_6070_100_cvplot.png, id=709, 505.89pt x 505.89pt
>
File: ../3_output/shock_effects/edu_6070_100_cvplot.png Graphic file (type png)

<use ../3_output/shock_effects/edu_6070_100_cvplot.png>
Package pdftex.def Info: ../3_output/shock_effects/edu_6070_100_cvplot.png  use
d on input line 617.
(pdftex.def)             Requested size: 140.92793pt x 140.93033pt.
<../3_output/shock_effects/cog_6070_100_cvplot.png, id=710, 505.89pt x 505.89pt
>
File: ../3_output/shock_effects/cog_6070_100_cvplot.png Graphic file (type png)

<use ../3_output/shock_effects/cog_6070_100_cvplot.png>
Package pdftex.def Info: ../3_output/shock_effects/cog_6070_100_cvplot.png  use
d on input line 621.
(pdftex.def)             Requested size: 140.92793pt x 140.93033pt.
<../3_output/shock_effects/risk_6070_100_cvplot.png, id=711, 505.89pt x 505.89p
t>
File: ../3_output/shock_effects/risk_6070_100_cvplot.png Graphic file (type png
)
<use ../3_output/shock_effects/risk_6070_100_cvplot.png>
Package pdftex.def Info: ../3_output/shock_effects/risk_6070_100_cvplot.png  us
ed on input line 625.
(pdftex.def)             Requested size: 140.92793pt x 140.93033pt.
<../3_output/shock_effects/consc_6070_100_cvplot.png, id=712, 505.89pt x 505.89
pt>
File: ../3_output/shock_effects/consc_6070_100_cvplot.png Graphic file (type pn
g)
<use ../3_output/shock_effects/consc_6070_100_cvplot.png>
Package pdftex.def Info: ../3_output/shock_effects/consc_6070_100_cvplot.png  u
sed on input line 629.
(pdftex.def)             Requested size: 140.92793pt x 140.93033pt.
<../3_output/shock_effects/female_6070_100_cvplot.png, id=713, 505.89pt x 505.8
9pt>
File: ../3_output/shock_effects/female_6070_100_cvplot.png Graphic file (type p
ng)
<use ../3_output/shock_effects/female_6070_100_cvplot.png>
Package pdftex.def Info: ../3_output/shock_effects/female_6070_100_cvplot.png  
used on input line 633.
(pdftex.def)             Requested size: 140.92793pt x 140.93033pt.
<../3_output/shock_effects/inc_6070_100_cvplot.png, id=714, 505.89pt x 505.89pt
>
File: ../3_output/shock_effects/inc_6070_100_cvplot.png Graphic file (type png)

<use ../3_output/shock_effects/inc_6070_100_cvplot.png>
Package pdftex.def Info: ../3_output/shock_effects/inc_6070_100_cvplot.png  use
d on input line 637.
(pdftex.def)             Requested size: 140.92793pt x 140.93033pt.
 [16 <../3_output/over_time/graph_6070retiredrdd_agebypgs.png (PNG copy)> <../3
_output/over_time/graph_6070iearnrdd_agebypgs.png> <../3_output/over_time/graph
_6070hitot_no_outlierrdd_agebypgs.png>] [17 <../3_output/shock_effects/edu_6070
_100_cvplot.png> <../3_output/shock_effects/cog_6070_100_cvplot.png> <../3_outp
ut/shock_effects/risk_6070_100_cvplot.png> <../3_output/shock_effects/consc_607
0_100_cvplot.png> <../3_output/shock_effects/female_6070_100_cvplot.png> <../3_
output/shock_effects/inc_6070_100_cvplot.png>]
<../3_output/shock_effects/IHSwage_6070_100_cvplot.png, id=760, 505.89pt x 505.
89pt>
File: ../3_output/shock_effects/IHSwage_6070_100_cvplot.png Graphic file (type 
png)
<use ../3_output/shock_effects/IHSwage_6070_100_cvplot.png>
Package pdftex.def Info: ../3_output/shock_effects/IHSwage_6070_100_cvplot.png 
 used on input line 669.
(pdftex.def)             Requested size: 103.34666pt x 103.3453pt.
<../3_output/shock_effects/IHShitot_noout_6070_100_cvplot.png, id=761, 505.89pt
 x 505.89pt>
File: ../3_output/shock_effects/IHShitot_noout_6070_100_cvplot.png Graphic file
 (type png)
<use ../3_output/shock_effects/IHShitot_noout_6070_100_cvplot.png>
Package pdftex.def Info: ../3_output/shock_effects/IHShitot_noout_6070_100_cvpl
ot.png  used on input line 673.
(pdftex.def)             Requested size: 103.34666pt x 103.3453pt.

Underfull \hbox (badness 5091) in paragraph at lines 673--673
[]\OT1/lmr/m/n/9 (b) \OT1/lmss/m/n/9 To-tal House-hold In-
 []

<../3_output/shock_effects/retired_6070_100_cvplot.png, id=762, 505.89pt x 505.
89pt>
File: ../3_output/shock_effects/retired_6070_100_cvplot.png Graphic file (type 
png)
<use ../3_output/shock_effects/retired_6070_100_cvplot.png>
Package pdftex.def Info: ../3_output/shock_effects/retired_6070_100_cvplot.png 
 used on input line 681.
(pdftex.def)             Requested size: 103.34666pt x 103.3453pt.
<../3_output/shock_effects/mpart_6070_100_cvplot.png, id=763, 505.89pt x 505.89
pt>
File: ../3_output/shock_effects/mpart_6070_100_cvplot.png Graphic file (type pn
g)
<use ../3_output/shock_effects/mpart_6070_100_cvplot.png>
Package pdftex.def Info: ../3_output/shock_effects/mpart_6070_100_cvplot.png  u
sed on input line 685.
(pdftex.def)             Requested size: 103.34666pt x 103.3453pt.
<../3_output/shock_effects/medexp_6070_100_cvplot.png, id=764, 505.89pt x 505.8
9pt>
File: ../3_output/shock_effects/medexp_6070_100_cvplot.png Graphic file (type p
ng)
<use ../3_output/shock_effects/medexp_6070_100_cvplot.png>
Package pdftex.def Info: ../3_output/shock_effects/medexp_6070_100_cvplot.png  
used on input line 689.
(pdftex.def)             Requested size: 103.34666pt x 103.3453pt.
<../3_output/shock_effects/dead2_6070_100_cvplot.png, id=765, 505.89pt x 505.89
pt>
File: ../3_output/shock_effects/dead2_6070_100_cvplot.png Graphic file (type pn
g)
<use ../3_output/shock_effects/dead2_6070_100_cvplot.png>
Package pdftex.def Info: ../3_output/shock_effects/dead2_6070_100_cvplot.png  u
sed on input line 693.
(pdftex.def)             Requested size: 103.34666pt x 103.3453pt.
<../3_output/shock_effects/dead5_6070_100_cvplot.png, id=766, 505.89pt x 505.89
pt>
File: ../3_output/shock_effects/dead5_6070_100_cvplot.png Graphic file (type pn
g)
<use ../3_output/shock_effects/dead5_6070_100_cvplot.png>
Package pdftex.def Info: ../3_output/shock_effects/dead5_6070_100_cvplot.png  u
sed on input line 697.
(pdftex.def)             Requested size: 103.34666pt x 103.3453pt.
[18 <../3_output/shock_effects/IHSwage_6070_100_cvplot.png> <../3_output/shock_
effects/IHShitot_noout_6070_100_cvplot.png> <../3_output/shock_effects/retired_
6070_100_cvplot.png> <../3_output/shock_effects/mpart_6070_100_cvplot.png> <../
3_output/shock_effects/medexp_6070_100_cvplot.png> <../3_output/shock_effects/d
ead2_6070_100_cvplot.png> <../3_output/shock_effects/dead5_6070_100_cvplot.png>
] [19] [20] [21] [22] (GxInsurance.bbl [23] [24] [25]
LaTeX Font Info:    Try loading font information for OT1+lmtt on input line 245
.

("C:\Program Files\MiKTeX 2.9\tex\latex\lm\ot1lmtt.fd"
File: ot1lmtt.fd 2009/10/30 v1.6 Font defs for Latin Modern
)
Underfull \hbox (badness 7379) in paragraph at lines 243--247
[]\OT1/lmr/bx/n/10.95 HRS. \OT1/lmr/m/n/10.95 2017\OT1/lmr/m/it/10.95 a\OT1/lmr
/m/n/10.95 . ``Health and Re-tire-ment Study. Sam-ple sizes and re-sponse
 []


Underfull \hbox (badness 10000) in paragraph at lines 243--247
\OT1/lmr/m/n/10.95 rates.'' [][]$\OT1/lmtt/m/it/10.95 https : / / hrs . isr . u
mich . edu / sites / default / files / biblio /
 []


Underfull \hbox (badness 3746) in paragraph at lines 249--254
[]\OT1/lmr/bx/n/10.95 HRS. \OT1/lmr/m/n/10.95 2017\OT1/lmr/m/it/10.95 b\OT1/lmr
/m/n/10.95 . ``Sur-vey Re-search Cen-ter, In-sti-tute for So-cial Re-search, Un
i-
 []


Underfull \hbox (badness 4416) in paragraph at lines 249--254
\OT1/lmr/m/n/10.95 ver-sity of Michi-gan. The Health and Re-tire-ment Study -- 
ag-ing in the
 []


Underfull \hbox (badness 5316) in paragraph at lines 249--254
\OT1/lmr/m/n/10.95 21st cen-tury.'' [][]$\OT1/lmtt/m/it/10.95 http : / / hrsonl
ine . isr . umich . edu / sitedocs / databook / inc /
 []

[26]
Underfull \hbox (badness 1953) in paragraph at lines 375--379
[]\OT1/lmr/bx/n/10.95 Kweon, Hyeok-moon, Casper A P Burik, Richard Karls-son Li
nn[]er,
 []

[27]
Underfull \hbox (badness 1147) in paragraph at lines 398--418
[]\OT1/lmr/bx/n/10.95 Lee, James J, Robbee We-dow, Aysu Ok-bay, Ed-ward Kong, O
meed
 []

[28] [29]
Underfull \hbox (badness 10000) in paragraph at lines 619--622
[]\OT1/lmr/bx/n/10.95 Olson, P. \OT1/lmr/m/n/10.95 2014. ``Wear-able tech is pl
ug-ging into health in-sur-
 []


Underfull \hbox (badness 10000) in paragraph at lines 619--622
\OT1/lmr/m/n/10.95 ance.'' [][]$\OT1/lmtt/m/it/10.95 https : / / www . forbes .
 com / sites / parmyolson / 2014 / 06 / 19 /
 []

[30] [31] [32] [33]
Underfull \hbox (badness 10000) in paragraph at lines 950--953
\OT1/lmtt/m/it/10.95 swissre . com / research / library / Medical _ Wearables _
 Kelvyn _ Young . html$[][]\OT1/lmr/m/it/10.95 .\OT1/lmr/m/n/10.95 ,
 []

) [34] [35] (GxInsurance_app.tex (GxInsurance.toc [36

])
\tf@toc=\write5
\openout5 = `GxInsurance.toc'.

 [37]pdfTeX warning (ext4): destination with the same identifier (name{page.1})
 has been already used, duplicate ignored
<to be read again> 
                   \relax 
l.32 
      [1]
Underfull \hbox (badness 10000) in paragraph at lines 33--35

 []


Overfull \hbox (1.0522pt too wide) in paragraph at lines 49--50
[]\OT1/lmr/m/n/10.95 Drop ob-ser-va-tions with miss-ing val-ues for the PGS for
 smok-ing (\OT1/lmtt/m/n/10.95 PGS[]EvrSmk[]TAG10\OT1/lmr/m/n/10.95 ;
 []


Underfull \hbox (badness 10000) in paragraph at lines 52--53

 []

pdfTeX warning (ext4): destination with the same identifier (name{page.2}) has 
been already used, duplicate ignored
<to be read again> 
                   \relax 
l.59 
      [2]
Underfull \hbox (badness 10000) in paragraph at lines 77--78

 []


Underfull \hbox (badness 10000) in paragraph at lines 83--84

 []


Underfull \hbox (badness 10000) in paragraph at lines 88--89

 []

pdfTeX warning (ext4): destination with the same identifier (name{page.3}) has 
been already used, duplicate ignored
<to be read again> 
                   \relax 
l.95 
      [3]
Underfull \hbox (badness 10000) in paragraph at lines 101--102

 []

pdfTeX warning (ext4): destination with the same identifier (name{page.4}) has 
been already used, duplicate ignored
<to be read again> 
                   \relax 
l.122 
       [4]
<../3_output/make_histograms/PGSprediction.png, id=1089, 722.7pt x 1445.4pt>
File: ../3_output/make_histograms/PGSprediction.png Graphic file (type png)
<use ../3_output/make_histograms/PGSprediction.png>
Package pdftex.def Info: ../3_output/make_histograms/PGSprediction.png  used on
 input line 125.
(pdftex.def)             Requested size: 227.6517pt x 455.29901pt.
<../3_output/make_histograms/pgs_density_6070_female_smooth.png, id=1091, 650.4
3pt x 433.62pt>
File: ../3_output/make_histograms/pgs_density_6070_female_smooth.png Graphic fi
le (type png)
<use ../3_output/make_histograms/pgs_density_6070_female_smooth.png>
Package pdftex.def Info: ../3_output/make_histograms/pgs_density_6070_female_sm
ooth.png  used on input line 140.
(pdftex.def)             Requested size: 227.62204pt x 151.74942pt.
<../3_output/make_histograms/pgs_density_6070_cv_smooth.png, id=1092, 650.43pt 
x 433.62pt>
File: ../3_output/make_histograms/pgs_density_6070_cv_smooth.png Graphic file (
type png)
<use ../3_output/make_histograms/pgs_density_6070_cv_smooth.png>
Package pdftex.def Info: ../3_output/make_histograms/pgs_density_6070_cv_smooth
.png  used on input line 141.
(pdftex.def)             Requested size: 227.62204pt x 151.74942pt.
pdfTeX warning (ext4): destination with the same identifier (name{page.5}) has 
been already used, duplicate ignored
<to be read again> 
                   \relax 
l.151 \end{figure}
                   [5 <../3_output/make_histograms/PGSprediction.png>]
Underfull \hbox (badness 10000) in paragraph at lines 176--177

 []


Underfull \hbox (badness 10000) in paragraph at lines 178--179

 []

<../3_output/over_time/graph_6070_cut64cvrdd_agebypgs.png, id=1099, 650.43pt x 
433.62pt>
File: ../3_output/over_time/graph_6070_cut64cvrdd_agebypgs.png Graphic file (ty
pe png)
<use ../3_output/over_time/graph_6070_cut64cvrdd_agebypgs.png>
Package pdftex.def Info: ../3_output/over_time/graph_6070_cut64cvrdd_agebypgs.p
ng  used on input line 184.
(pdftex.def)             Requested size: 142.26378pt x 94.8409pt.
<../3_output/over_time/graph_6070cvrdd_agebypgs.png, id=1100, 650.43pt x 433.62
pt>
File: ../3_output/over_time/graph_6070cvrdd_agebypgs.png Graphic file (type png
)
<use ../3_output/over_time/graph_6070cvrdd_agebypgs.png>
Package pdftex.def Info: ../3_output/over_time/graph_6070cvrdd_agebypgs.png  us
ed on input line 186.
(pdftex.def)             Requested size: 142.26378pt x 94.8409pt.
<../3_output/over_time/graph_6070_cut66cvrdd_agebypgs.png, id=1101, 650.43pt x 
433.62pt>
File: ../3_output/over_time/graph_6070_cut66cvrdd_agebypgs.png Graphic file (ty
pe png)
<use ../3_output/over_time/graph_6070_cut66cvrdd_agebypgs.png>
Package pdftex.def Info: ../3_output/over_time/graph_6070_cut66cvrdd_agebypgs.p
ng  used on input line 188.
(pdftex.def)             Requested size: 142.26378pt x 94.8409pt.
pdfTeX warning (ext4): destination with the same identifier (name{page.6}) has 
been already used, duplicate ignored
<to be read again> 
                   \relax 
l.201 \begin{align}
                    \label{supcv_regression} [6 <../3_output/make_histograms/pg
s_density_6070_female_smooth.png> <../3_output/make_histograms/pgs_density_6070
_cv_smooth.png>]
Underfull \hbox (badness 10000) in paragraph at lines 205--206

 []

(../3_output/OLSresults/shock_prob.tex)pdfTeX warning (ext4): destination with 
the same identifier (name{page.7}) has been already used, duplicate ignored
<to be read again> 
                   \relax 
l.229 
       [7 <../3_output/over_time/graph_6070_cut64cvrdd_agebypgs.png> <../3_outp
ut/over_time/graph_6070cvrdd_agebypgs.png> <../3_output/over_time/graph_6070_cu
t66cvrdd_agebypgs.png>]pdfTeX warning (ext4): destination with the same identif
ier (name{page.8}) has been already used, duplicate ignored
<to be read again> 
                   \relax 
l.248 	\end{align*}
                    [8]pdfTeX warning (ext4): destination with the same identif
ier (name{page.9}) has been already used, duplicate ignored
<to be read again> 
                   \relax 
l.327 \end{align}
                  [9]pdfTeX warning (ext4): destination with the same identifie
r (name{page.10}) has been already used, duplicate ignored
<to be read again> 
                   \relax 
l.470 \end{align}
                  [10] (../3_output/descriptive/descriptive_subgroups.tex)
(../3_output/descriptive/descriptive_shock.tex)pdfTeX warning (ext4): destinati
on with the same identifier (name{page.11}) has been already used, duplicate ig
nored
<to be read again> 
                   \relax 
l.566 
       [11] (../3_output/OLSresults/vcovmatrix.tex
Underfull \hbox (badness 10000) in paragraph at lines 5--5
[]|\OT1/lmss/m/n/10.95 Shock x
 []


Underfull \hbox (badness 10000) in paragraph at lines 5--5
[]|\OT1/lmss/m/n/10.95 Shock x
 []


Underfull \hbox (badness 10000) in paragraph at lines 5--5
[]|\OT1/lmss/m/n/10.95 Shock x
 []


Underfull \hbox (badness 10000) in paragraph at lines 5--5
[]|\OT1/lmss/m/n/10.95 Shock x
 []


Underfull \hbox (badness 10000) in paragraph at lines 5--5
\OT1/lmss/m/n/10.95 post65 x
 []


Underfull \hbox (badness 10000) in paragraph at lines 5--5
[]|\OT1/lmss/m/n/10.95 Shock x
 []


Underfull \hbox (badness 1490) in paragraph at lines 5--5
\OT1/lmss/m/n/10.95 unin-sured x
 []


Underfull \hbox (badness 10000) in paragraph at lines 5--5
[]|\OT1/lmss/m/n/10.95 Shock x
 []


Underfull \hbox (badness 10000) in paragraph at lines 5--5
\OT1/lmss/m/n/10.95 post65 x
 []


Underfull \hbox (badness 10000) in paragraph at lines 5--6
[]|\OT1/lmss/m/n/10.95 Shock x
 []


Underfull \hbox (badness 10000) in paragraph at lines 5--6
\OT1/lmss/m/n/10.95 post65 x
 []


Underfull \hbox (badness 1490) in paragraph at lines 5--6
\OT1/lmss/m/n/10.95 unin-sured x
 []

)
Overfull \hbox (60.7584pt too wide) in paragraph at lines 572--575
 [][] 
 []


LaTeX Warning: `!h' float specifier changed to `!ht'.

pdfTeX warning (ext4): destination with the same identifier (name{page.12}) has
 been already used, duplicate ignored
<to be read again> 
                   \relax 
l.590 
       [12] (../3_output/OLSresults/3pgs.tex)
<../3_output/shock_effects/robustness_6070__3pgs_cvplot.png, id=1192, 505.89pt 
x 505.89pt>
File: ../3_output/shock_effects/robustness_6070__3pgs_cvplot.png Graphic file (
type png)
<use ../3_output/shock_effects/robustness_6070__3pgs_cvplot.png>
Package pdftex.def Info: ../3_output/shock_effects/robustness_6070__3pgs_cvplot
.png  used on input line 614.
(pdftex.def)             Requested size: 375.80544pt x 375.81166pt.

(../3_output/OLSresults/reg_results_multi_checkmarks_median.tex)

LaTeX Warning: Float too large for page by 33.47054pt on input line 661.

(../3_output/OLSresults/median_results.tex)
<../3_output/shock_effects/main_6070_100_cv_Medianplot.png, id=1207, 505.89pt x
 505.89pt>
File: ../3_output/shock_effects/main_6070_100_cv_Medianplot.png Graphic file (t
ype png)
<use ../3_output/shock_effects/main_6070_100_cv_Medianplot.png>
Package pdftex.def Info: ../3_output/shock_effects/main_6070_100_cv_Medianplot.
png  used on input line 689.
(pdftex.def)             Requested size: 375.80544pt x 375.81166pt.

(../3_output/OLSresults/oldpgs_results.tex)pdfTeX warning (ext4): destination w
ith the same identifier (name{page.13}) has been already used, duplicate ignore
d
<to be read again> 
                   \relax 
l.733 \end{table*}
                   [13]
<../3_output/shock_effects/robustness_6070__oldpgs_cvplot.png, id=1234, 505.89p
t x 505.89pt>
File: ../3_output/shock_effects/robustness_6070__oldpgs_cvplot.png Graphic file
 (type png)
<use ../3_output/shock_effects/robustness_6070__oldpgs_cvplot.png>
Package pdftex.def Info: ../3_output/shock_effects/robustness_6070__oldpgs_cvpl
ot.png  used on input line 741.
(pdftex.def)             Requested size: 281.85587pt x 281.86067pt.
pdfTeX warning (ext4): destination with the same identifier (name{page.14}) has
 been already used, duplicate ignored
<to be read again> 
                   \relax 
l.768 
       [14 <../3_output/shock_effects/robustness_6070__3pgs_cvplot.png>]
<../3_output/shock_effects/cpdPGS_6070_100_cvplot.png, id=1260, 505.89pt x 505.
89pt>
File: ../3_output/shock_effects/cpdPGS_6070_100_cvplot.png Graphic file (type p
ng)
<use ../3_output/shock_effects/cpdPGS_6070_100_cvplot.png>
Package pdftex.def Info: ../3_output/shock_effects/cpdPGS_6070_100_cvplot.png  
used on input line 774.
(pdftex.def)             Requested size: 140.92793pt x 140.93033pt.
<../3_output/shock_effects/robustness_eaPGS_6070_100_cvplot.png, id=1261, 505.8
9pt x 505.89pt>
File: ../3_output/shock_effects/robustness_eaPGS_6070_100_cvplot.png Graphic fi
le (type png)
<use ../3_output/shock_effects/robustness_eaPGS_6070_100_cvplot.png>
Package pdftex.def Info: ../3_output/shock_effects/robustness_eaPGS_6070_100_cv
plot.png  used on input line 778.
(pdftex.def)             Requested size: 140.92793pt x 140.93033pt.
<../3_output/shock_effects/robustness_cogPGS_6070_100_cvplot.png, id=1262, 505.
89pt x 505.89pt>
File: ../3_output/shock_effects/robustness_cogPGS_6070_100_cvplot.png Graphic f
ile (type png)
<use ../3_output/shock_effects/robustness_cogPGS_6070_100_cvplot.png>
Package pdftex.def Info: ../3_output/shock_effects/robustness_cogPGS_6070_100_c
vplot.png  used on input line 782.
(pdftex.def)             Requested size: 140.92793pt x 140.93033pt.
<../3_output/shock_effects/robustness_riskPGS_GWAS_6070_100_cvplot.png, id=1263
, 505.89pt x 505.89pt>
File: ../3_output/shock_effects/robustness_riskPGS_GWAS_6070_100_cvplot.png Gra
phic file (type png)
<use ../3_output/shock_effects/robustness_riskPGS_GWAS_6070_100_cvplot.png>
Package pdftex.def Info: ../3_output/shock_effects/robustness_riskPGS_GWAS_6070
_100_cvplot.png  used on input line 786.
(pdftex.def)             Requested size: 140.92793pt x 140.93033pt.
<../3_output/shock_effects/robustness_noncogPGS_6070_100_cvplot.png, id=1264, 5
05.89pt x 505.89pt>
File: ../3_output/shock_effects/robustness_noncogPGS_6070_100_cvplot.png Graphi
c file (type png)
<use ../3_output/shock_effects/robustness_noncogPGS_6070_100_cvplot.png>
Package pdftex.def Info: ../3_output/shock_effects/robustness_noncogPGS_6070_10
0_cvplot.png  used on input line 790.
(pdftex.def)             Requested size: 140.92793pt x 140.93033pt.
<../3_output/shock_effects/robustness_bmiPGS_6070_100_cvplot.png, id=1265, 505.
89pt x 505.89pt>
File: ../3_output/shock_effects/robustness_bmiPGS_6070_100_cvplot.png Graphic f
ile (type png)
<use ../3_output/shock_effects/robustness_bmiPGS_6070_100_cvplot.png>
Package pdftex.def Info: ../3_output/shock_effects/robustness_bmiPGS_6070_100_c
vplot.png  used on input line 794.
(pdftex.def)             Requested size: 140.92793pt x 140.93033pt.
pdfTeX warning (ext4): destination with the same identifier (name{page.15}) has
 been already used, duplicate ignored
<to be read again> 
                   \relax 
l.811 \clearpage
                 [15 <../3_output/shock_effects/main_6070_100_cv_Medianplot.png
>]pdfTeX warning (ext4): destination with the same identifier (name{page.16}) h
as been already used, duplicate ignored
<to be read again> 
                   \relax 
l.811 \clearpage
                 [16 <../3_output/shock_effects/robustness_6070__oldpgs_cvplot.
png>]pdfTeX warning (ext4): destination with the same identifier (name{page.17}
) has been already used, duplicate ignored
<to be read again> 
                   \relax 
l.811 \clearpage
                 [17]pdfTeX warning (ext4): destination with the same identifie
r (name{page.18}) has been already used, duplicate ignored
<to be read again> 
                   \relax 
l.811 \clearpage
                 [18]pdfTeX warning (ext4): destination with the same identifie
r (name{page.19}) has been already used, duplicate ignored
<to be read again> 
                   \relax 
l.811 \clearpage
                 [19]pdfTeX warning (ext4): destination with the same identifie
r (name{page.20}) has been already used, duplicate ignored
<to be read again> 
                   \relax 
l.811 \clearpage
                 [20]pdfTeX warning (ext4): destination with the same identifie
r (name{page.21}) has been already used, duplicate ignored
<to be read again> 
                   \relax 
l.811 \clearpage
                 [21]pdfTeX warning (ext4): destination with the same identifie
r (name{page.22}) has been already used, duplicate ignored
<to be read again> 
                   \relax 
l.811 \clearpage
                 [22 <../3_output/shock_effects/cpdPGS_6070_100_cvplot.png> <..
/3_output/shock_effects/robustness_eaPGS_6070_100_cvplot.png> <../3_output/shoc
k_effects/robustness_cogPGS_6070_100_cvplot.png> <../3_output/shock_effects/rob
ustness_riskPGS_GWAS_6070_100_cvplot.png> <../3_output/shock_effects/robustness
_noncogPGS_6070_100_cvplot.png> <../3_output/shock_effects/robustness_bmiPGS_60
70_100_cvplot.png>] (../3_output/OLSresults/unins6633.tex)
Overfull \hbox (32.95013pt too wide) in paragraph at lines 3--822
 [][] 
 []

pdfTeX warning (ext4): destination with the same identifier (name{page.23}) has
 been already used, duplicate ignored
<to be read again> 
                   \relax 
l.834 \clearpage
                 [23

] (../3_output/OLSresults/shockat6566.tex)
Overfull \hbox (8.55017pt too wide) in paragraph at lines 3--866
 [][] 
 []

pdfTeX warning (ext4): destination with the same identifier (name{page.24}) has
 been already used, duplicate ignored
<to be read again> 
                   \relax 
l.880 \newpage
               [24

] (../3_output/OLSresults/medicare.tex)
(../3_output/OLSresults/robustness1.tex)
(../3_output/OLSresults/robustness2.tex)
(../3_output/OLSresults/robustness_mortality.tex)) (model_app.texpdfTeX warning
 (ext4): destination with the same identifier (name{page.25}) has been already 
used, duplicate ignored
<to be read again> 
                   \relax 
l.18 
      [25]pdfTeX warning (ext4): destination with the same identifier (name{pag
e.26}) has been already used, duplicate ignored
<to be read again> 
                   \relax 
l.18 
      [26]pdfTeX warning (ext4): destination with the same identifier (name{pag
e.27}) has been already used, duplicate ignored
<to be read again> 
                   \relax 
l.30 
      [27]pdfTeX warning (ext4): destination with the same identifier (name{pag
e.28}) has been already used, duplicate ignored
<to be read again> 
                   \relax 
l.68 \begin{align*}
                    [28]
Overfull \hbox (41.4899pt too wide) detected at line 72
[]
 []

pdfTeX warning (ext4): destination with the same identifier (name{page.29}) has
 been already used, duplicate ignored
<to be read again> 
                   \relax 
l.125 
       [29]
LaTeX Font Info:    Font shape `OMS/lmr/m/it' in size <10.95> not available
(Font)              Font shape `OMS/lmsy/m/n' tried instead on input line 134.

Underfull \hbox (badness 10000) in paragraph at lines 141--143

 []

pdfTeX warning (ext4): destination with the same identifier (name{page.30}) has
 been already used, duplicate ignored
<to be read again> 
                   \relax 
l.159 \begin{align*}
                     [30]
Underfull \hbox (badness 10000) in paragraph at lines 164--166

 []


Underfull \hbox (badness 10000) in paragraph at lines 215--216

 []

pdfTeX warning (ext4): destination with the same identifier (name{page.31}) has
 been already used, duplicate ignored
<to be read again> 
                   \relax 
l.220 \begin{align*}
                     [31]
Underfull \hbox (badness 10000) in paragraph at lines 228--234

 []


Underfull \hbox (badness 10000) in paragraph at lines 251--253

 []

pdfTeX warning (ext4): destination with the same identifier (name{page.32}) has
 been already used, duplicate ignored
<to be read again> 
                   \relax 
l.253 
       [32]
Overfull \hbox (33.41664pt too wide) detected at line 261
[]
 []

)pdfTeX warning (ext4): destination with the same identifier (name{page.33}) ha
s been already used, duplicate ignored
<to be read again> 
                   \relax 
l.850 \end{document}
                     [33]
Package atveryend Info: Empty hook `BeforeClearDocument' on input line 850.
Package atveryend Info: Empty hook `AfterLastShipout' on input line 850.
 (GxInsurance.aux)
Package atveryend Info: Executing hook `AtVeryEndDocument' on input line 850.
Package atveryend Info: Executing hook `AtEndAfterFileList' on input line 850.
Package rerunfilecheck Info: File `GxInsurance.out' has not changed.
(rerunfilecheck)             Checksum: 8A31C4D0C732C3DFC524E9EB099A7A6E;3445.
Package atveryend Info: Empty hook `AtVeryVeryEnd' on input line 850.
 ) 
Here is how much of TeX's memory you used:
 22315 strings out of 492973
 415350 string characters out of 3135932
 563683 words of memory out of 3000000
 25301 multiletter control sequences out of 15000+200000
 80911 words of font info for 72 fonts, out of 3000000 for 9000
 1141 hyphenation exceptions out of 8191
 62i,20n,92p,2217b,615s stack positions out of 5000i,500n,10000p,200000b,50000s
{C:/Program Files/MiKTeX 2.9/fonts/enc/dvips/lm/lm-rmtt.enc}{C:/Program Files
/MiKTeX 2.9/fonts/enc/dvips/lm/lm-mathit.enc}{C:/Program Files/MiKTeX 2.9/fonts
/enc/dvips/lm/lm-rm.enc}{C:/Program Files/MiKTeX 2.9/fonts/enc/dvips/lm/lm-math
sy.enc}{C:/Program Files/MiKTeX 2.9/fonts/enc/dvips/lm/lm-mathex.enc}<C:/Progra
m Files/MiKTeX 2.9/fonts/type1/public/lm/lmbx10.pfb><C:/Program Files/MiKTeX 2.
9/fonts/type1/public/lm/lmbx12.pfb><C:/Program Files/MiKTeX 2.9/fonts/type1/pub
lic/lm/lmex10.pfb><C:/Program Files/MiKTeX 2.9/fonts/type1/public/lm/lmmi10.pfb
><C:/Program Files/MiKTeX 2.9/fonts/type1/public/lm/lmmi6.pfb><C:/Program Files
/MiKTeX 2.9/fonts/type1/public/lm/lmmi7.pfb><C:/Program Files/MiKTeX 2.9/fonts/
type1/public/lm/lmmi8.pfb><C:/Program Files/MiKTeX 2.9/fonts/type1/public/lm/lm
mi9.pfb><C:/Program Files/MiKTeX 2.9/fonts/type1/public/lm/lmr10.pfb><C:/Progra
m Files/MiKTeX 2.9/fonts/type1/public/lm/lmr12.pfb><C:/Program Files/MiKTeX 2.9
/fonts/type1/public/lm/lmr17.pfb><C:/Program Files/MiKTeX 2.9/fonts/type1/publi
c/lm/lmr6.pfb><C:/Program Files/MiKTeX 2.9/fonts/type1/public/lm/lmr7.pfb><C:/P
rogram Files/MiKTeX 2.9/fonts/type1/public/lm/lmr8.pfb><C:/Program Files/MiKTeX
 2.9/fonts/type1/public/lm/lmr9.pfb><C:/Program Files/MiKTeX 2.9/fonts/type1/pu
blic/lm/lmri10.pfb><C:/Program Files/MiKTeX 2.9/fonts/type1/public/lm/lmri9.pfb
><C:/Program Files/MiKTeX 2.9/fonts/type1/public/lm/lmss10.pfb><C:/Program File
s/MiKTeX 2.9/fonts/type1/public/lm/lmss9.pfb><C:/Program Files/MiKTeX 2.9/fonts
/type1/public/lm/lmssbx10.pfb><C:/Program Files/MiKTeX 2.9/fonts/type1/public/l
m/lmsso10.pfb><C:/Program Files/MiKTeX 2.9/fonts/type1/public/lm/lmsso9.pfb><C:
/Program Files/MiKTeX 2.9/fonts/type1/public/lm/lmsy10.pfb><C:/Program Files/Mi
KTeX 2.9/fonts/type1/public/lm/lmsy6.pfb><C:/Program Files/MiKTeX 2.9/fonts/typ
e1/public/lm/lmsy8.pfb><C:/Program Files/MiKTeX 2.9/fonts/type1/public/lm/lmsy9
.pfb><C:/Program Files/MiKTeX 2.9/fonts/type1/public/lm/lmtt10.pfb><C:/Program 
Files/MiKTeX 2.9/fonts/type1/public/lm/lmtti10.pfb><C:/Program Files/MiKTeX 2.9
/fonts/type1/public/amsfonts/symbols/msam10.pfb>
Output written on GxInsurance.pdf (70 pages, 2326934 bytes).
PDF statistics:
 1564 PDF objects out of 1728 (max. 8388607)
 324 named destinations out of 1000 (max. 500000)
 662 words of extra memory for PDF output out of 10000 (max. 10000000)

